
Showing logs for build [32mcb-kubecd-bdd-gh-1597841986-pr-f8ttn-1[0m stage [32mfrom-build-pack[0m and container [32mstep-credential-initializer-hqjjz[0m
{"level":"info","ts":1597842908.6716442,"logger":"fallback-logger","caller":"logging/config.go:69","msg":"Fetch GitHub commit ID from kodata failed: open /var/run/ko/refs/heads/0.8.0-ns-support: no such file or directory"}
{"level":"info","ts":1597842908.6731873,"logger":"fallback-logger","caller":"creds-init/main.go:40","msg":"Credentials initialized."}

Showing logs for build [32mcb-kubecd-bdd-gh-1597841986-pr-f8ttn-1[0m stage [32mfrom-build-pack[0m and container [32mstep-working-dir-initializer-xc8cs[0m
{"level":"info","ts":1597842909.3688428,"logger":"fallback-logger","caller":"logging/config.go:69","msg":"Fetch GitHub commit ID from kodata failed: open /var/run/ko/HEAD: no such file or directory"}
{"level":"info","ts":1597842909.3730278,"logger":"fallback-logger","caller":"bash/main.go:64","msg":"Successfully executed command \"sh -c mkdir -p /workspace/source\"; output "}

Showing logs for build [32mcb-kubecd-bdd-gh-1597841986-pr-f8ttn-1[0m stage [32mfrom-build-pack[0m and container [32mstep-place-tools[0m

Showing logs for build [32mcb-kubecd-bdd-gh-1597841986-pr-f8ttn-1[0m stage [32mfrom-build-pack[0m and container [32mstep-git-source-cb-kubecd-bdd-gh-1597841986-pr-f8ttn-zj2qp[0m
{"level":"info","ts":1597842914.6241717,"logger":"fallback-logger","caller":"logging/config.go:69","msg":"Fetch GitHub commit ID from kodata failed: open /var/run/ko/refs/heads/0.8.0-ns-support: no such file or directory"}
{"level":"info","ts":1597842915.7170405,"logger":"fallback-logger","caller":"git/git.go:103","msg":"Successfully cloned https://github.com/cb-kubecd/bdd-gh-1597841986.git @ master in path /workspace/source"}

Showing logs for build [32mcb-kubecd-bdd-gh-1597841986-pr-f8ttn-1[0m stage [32mfrom-build-pack[0m and container [32mstep-setup-builder-home[0m

Showing logs for build [32mcb-kubecd-bdd-gh-1597841986-pr-f8ttn-1[0m stage [32mfrom-build-pack[0m and container [32mstep-git-merge[0m
Using SHAs from PULL_REFS=master:984ed4abc8ef86d1bfe7801502f225c60c97d140,1:02d772ef92f49a2fa5839d9cba07d2bf5183277e
DEBUG: JX_LOG_LEVEL=error LC_ALL=C git fetch origin --unshallow 02d772ef92f49a2fa5839d9cba07d2bf5183277e: 984ed4abc8ef86d1bfe7801502f225c60c97d140:
DEBUG: ran git fetch --unshallow origin 02d772ef92f49a2fa5839d9cba07d2bf5183277e: 984ed4abc8ef86d1bfe7801502f225c60c97d140: in 
DEBUG: LC_ALL=C JX_LOG_LEVEL=error git branch
DEBUG: LC_ALL=C JX_LOG_LEVEL=error git checkout master
DEBUG: ran git checkout master in 
DEBUG: LC_ALL=C JX_LOG_LEVEL=error git reset --hard 984ed4abc8ef86d1bfe7801502f225c60c97d140
DEBUG: ran git reset --hard 984ed4abc8ef86d1bfe7801502f225c60c97d140 in 
DEBUG: LC_ALL=C JX_LOG_LEVEL=error git clean -fd .
DEBUG: ran clean --force -d . in 
DEBUG: LC_ALL=C JX_LOG_LEVEL=error git merge 02d772ef92f49a2fa5839d9cba07d2bf5183277e
DEBUG: ran git merge 02d772ef92f49a2fa5839d9cba07d2bf5183277e in 
DEBUG: LC_ALL=C JX_LOG_LEVEL=error git log --format=%H%x1f%an%x1f%ae%x1f%cn%x1f%ce%x1f%s%n%b%x1e 984ed4abc8ef86d1bfe7801502f225c60c97d140..HEAD
Merged SHA 02d772ef92f49a2fa5839d9cba07d2bf5183277e with commit message 'My first PR commit' into base branch master

Showing logs for build [32mcb-kubecd-bdd-gh-1597841986-pr-f8ttn-1[0m stage [32mfrom-build-pack[0m and container [32mstep-build-make-linux[0m
CGO_ENABLED=0 GOOS=linux GOARCH=amd64 GO15VENDOREXPERIMENT=1 go build -ldflags '' -o bin/bdd-gh-1597841986 main.go

Showing logs for build [32mcb-kubecd-bdd-gh-1597841986-pr-f8ttn-1[0m stage [32mfrom-build-pack[0m and container [32mstep-build-container-build[0m
ERROR: logging before flag.Parse: E0819 13:15:23.765309      10 metadata.go:241] Failed to unmarshal scopes: json: cannot unmarshal string into Go value of type []string
[36mINFO[0m[0000] Resolved base name scratch to scratch        
[36mINFO[0m[0000] Using dockerignore file: /workspace/source/.dockerignore 
[36mINFO[0m[0000] Resolved base name scratch to scratch        
[36mINFO[0m[0000] Built cross stage deps: map[]                
[36mINFO[0m[0000] No base image, nothing to extract            
[36mINFO[0m[0000] cmd: EXPOSE                                  
[36mINFO[0m[0000] Adding exposed port: 8080/tcp                
[36mINFO[0m[0000] Checking for cached layer gcr.io/jenkins-x-labs-bdd/cache:257e5d0e7640a12ef305b3646c6ae4b9e7dc83d8e0f3b3a2e4885e466fead82b... 
[36mINFO[0m[0001] Using caching version of cmd: COPY ./bin/ /  
[36mINFO[0m[0001] Skipping unpacking as no commands require it. 
[36mINFO[0m[0001] Taking snapshot of full filesystem...        
[36mINFO[0m[0001] Resolving paths                              
[36mINFO[0m[0001] EXPOSE 8080                                  
[36mINFO[0m[0001] cmd: EXPOSE                                  
[36mINFO[0m[0001] Adding exposed port: 8080/tcp                
[36mINFO[0m[0001] No files changed in this command, skipping snapshotting. 
[36mINFO[0m[0001] ENTRYPOINT ["/bdd-gh-1597841986"]            
[36mINFO[0m[0001] No files changed in this command, skipping snapshotting. 
[36mINFO[0m[0001] COPY ./bin/ /                                
[36mINFO[0m[0001] Found cached layer, extracting to filesystem 

Showing logs for build [32mcb-kubecd-bdd-gh-1597841986-pr-f8ttn-1[0m stage [32mfrom-build-pack[0m and container [32mstep-promote-make-preview[0m
sed -i -e "s/version:.*/version: 0.0.0-SNAPSHOT-PR-1-1/" Chart.yaml
sed -i -e "s/version:.*/version: 0.0.0-SNAPSHOT-PR-1-1/" ../*/Chart.yaml
sed -i -e "s|repository:.*|repository: gcr.io\/jenkins-x-labs-bdd\/bdd-gh-1597841986|" values.yaml
sed -i -e "s/tag:.*/tag: 0.0.0-SNAPSHOT-PR-1-1/" values.yaml
echo "  version: 0.0.0-SNAPSHOT-PR-1-1" >> requirements.yaml
** step helm build
WARNING: No $CHART_REPOSITORY defined so using the default value of: http://jenkins-x-chartmuseum:8080
Adding missing Helm repo: storage.googleapis.com https://storage.googleapis.com/chartmuseum.jenkins-x.io
Successfully added Helm repository storage.googleapis.com.
Adding missing Helm repo: jenkins-x-chartmuseum http://jenkins-x-chartmuseum:8080
Successfully added Helm repository jenkins-x-chartmuseum.
WARNING: No $CHART_REPOSITORY defined so using the default value of: http://jenkins-x-chartmuseum:8080

Showing logs for build [32mcb-kubecd-bdd-gh-1597841986-pr-f8ttn-1[0m stage [32mfrom-build-pack[0m and container [32mstep-promote-jx-preview[0m
Creating a preview
Created environment cb-kubecd-bdd-gh-1597841986-pr-1
Namespace **-cb-kubecd-bdd-gh-1597841986-pr-1 created 
expose:
  Annotations:
    helm.sh/hook: post-install,post-upgrade
    helm.sh/hook-delete-policy: hook-succeeded
  config:
    domain: 34.77.127.207.nip.io
    exposer: Ingress
    http: "true"
preview:
  image:
    repository: gcr.io/jenkins-x-labs-bdd/bdd-gh-1597841986
    tag: 0.0.0-SNAPSHOT-PR-1-1
adding helm values file /workspace/source/charts/preview/**-values.yaml for namespace **-cb-kubecd-bdd-gh-1597841986-pr-1
about to run: git clone https://github.com/******************/**r-versions.git /tmp/132206438/jenkins-x-versions in dir /tmp/132206438
Cloning into '/tmp/132206438/jenkins-x-versions'...
about to run: git fetch origin c3a16cb046ca4ba7f73012275809a43d443b8511 in dir /tmp/132206438/jenkins-x-versions
From https://github.com/******************/**r-versions
 * branch              c3a16cb046ca4ba7f73012275809a43d443b8511 -> FETCH_HEAD
about to run: git branch -r in dir /tmp/132206438/jenkins-x-versions
origin/HEAD -> origin/master
  origin/bump-promote-version-00183170-8a15-11ea-831e-fe5e8d8c13b4
  origin/bump-promote-version-00294c2f-dc5c-11ea-9271-26d24220aba5
  origin/bump-promote-version-003522cc-8a2d-11ea-8ecd-7a472b37de36
  origin/bump-promote-version-00a4be9a-bbb1-11ea-a12e-560fd83ac55d
  origin/bump-promote-version-00fdae7a-8a1c-11ea-94a5-8c85905f674a
  origin/bump-promote-version-010c6ad6-b84a-11ea-9f77-f2fc8a670b7d
  origin/bump-promote-version-01334836-cff8-11ea-aa74-42ad0cf7e6fa
  origin/bump-promote-version-01459798-bbb0-11ea-a634-560fd83ac55d
  origin/bump-promote-version-0183de51-d001-11ea-812b-0aad57863f29
  origin/bump-promote-version-01bb82a3-907b-4c66-9bc4-0c021e503447
  origin/bump-promote-version-01f26dd2-8a19-11ea-9e18-8c85905f674a
  origin/bump-promote-version-021c726b-b85c-11ea-89cf-e6df19dd7e93
  origin/bump-promote-version-02400f73-d6f4-11ea-b776-6e0bdf7e13d2
  origin/bump-promote-version-024c09e6-9447-11ea-910e-ca2501caf802
  origin/bump-promote-version-0301b3c6-8d41-11ea-a7d0-7aa29d766e7b
  origin/bump-promote-version-0326edd7-b84b-11ea-bd26-f2fc8a670b7d
  origin/bump-promote-version-03a869e0-b85e-11ea-b9d1-e6df19dd7e93
  origin/bump-promote-version-0402869e-8a15-11ea-afd4-fe5e8d8c13b4
  origin/bump-promote-version-040c5133-e0ab-11ea-b0f6-96afce85bba6
  origin/bump-promote-version-04705c85-b2bb-11ea-8f65-8a649edc58bd
  origin/bump-promote-version-0495b09e-b84a-11ea-ac9b-f2fc8a670b7d
  origin/bump-promote-version-05452fd4-b85d-11ea-af90-e6df19dd7e93
  origin/bump-promote-version-05732523-da08-43b6-9122-09f6085d3388
  origin/bump-promote-version-06028f44-bbb1-11ea-9b70-560fd83ac55d
  origin/bump-promote-version-06036496-b6b3-11ea-af9f-4eb91a059427
  origin/bump-promote-version-061c6ee7-bbb0-11ea-ac3e-560fd83ac55d
  origin/bump-promote-version-0635c60f-a4dc-474e-bee7-564c060d6222
  origin/bump-promote-version-0635d276-8a19-11ea-8604-8c85905f674a
  origin/bump-promote-version-06a3f5b0-b84b-11ea-a4c0-f2fc8a670b7d
  origin/bump-promote-version-06afdda4-9f57-11ea-89ff-c25526ff04b4
  origin/bump-promote-version-06f58334-8a1c-11ea-9622-8c85905f674a
  origin/bump-promote-version-072acc2e-8a15-11ea-8fda-fe5e8d8c13b4
  origin/bump-promote-version-07363134-cff6-11ea-af43-8c85905f674a
  origin/bump-promote-version-07526525-d37a-11ea-abd5-dee663b664af
  origin/bump-promote-version-08115837-b84a-11ea-8239-f2fc8a670b7d
  origin/bump-promote-version-08173460-dd2b-11ea-95ca-4eab48e0439d
  origin/bump-promote-version-0836ae12-b85c-11ea-9f17-e6df19dd7e93
  origin/bump-promote-version-085f7608-ef55-43f5-8b86-7c727be2a1d5
  origin/bump-promote-version-0936a564-b85e-11ea-b4b0-e6df19dd7e93
  origin/bump-promote-version-09b3c690-bbb1-11ea-a44a-560fd83ac55d
  origin/bump-promote-version-09b663dc-b176-11ea-89ba-6a12305bfe09
  origin/bump-promote-version-0a09aa5e-907a-11ea-8e89-6a55b0e5e025
  origin/bump-promote-version-0a331ed0-b84b-11ea-8da5-f2fc8a670b7d
  origin/bump-promote-version-0a3f9887-bbb0-11ea-9a2c-560fd83ac55d
  origin/bump-promote-version-0aa8d538-8a19-11ea-b4b9-8c85905f674a
  origin/bump-promote-version-0acaaddf-8a15-11ea-82ef-fe5e8d8c13b4
  origin/bump-promote-version-0b368ba3-dc63-11ea-be63-d220a6d1df12
  origin/bump-promote-version-0b5fdd67-b85d-11ea-967e-e6df19dd7e93
  origin/bump-promote-version-0b612496-9438-11ea-832a-761086e093a0
  origin/bump-promote-version-0bc9cf3a-b84a-11ea-97c7-f2fc8a670b7d
  origin/bump-promote-version-0ca4de60-8a1c-11ea-8a01-8c85905f674a
  origin/bump-promote-version-0d632617-bbb1-11ea-9ddf-560fd83ac55d
  origin/bump-promote-version-0d88d1e8-b85c-11ea-8724-e6df19dd7e93
  origin/bump-promote-version-0de8fe87-b84b-11ea-9375-f2fc8a670b7d
  origin/bump-promote-version-0def1d1e-bbb0-11ea-bd96-560fd83ac55d
  origin/bump-promote-version-0e2a60ec-ded0-11ea-971b-06928d10a3bb
  origin/bump-promote-version-0e496ed2-8a15-11ea-a8f0-fe5e8d8c13b4
  origin/bump-promote-version-0e5846bc-8e87-11ea-be7a-9e9f06715fa9
  origin/bump-promote-version-0f3f00ae-9c23-11ea-90d1-d2c77d58dc6a
  origin/bump-promote-version-0f452574-8a19-11ea-859b-8c85905f674a
  origin/bump-promote-version-0f708539-b84a-11ea-8ea2-f2fc8a670b7d
  origin/bump-promote-version-0fd0082e-a701-11ea-81cc-0ea262e85788
  origin/bump-promote-version-104a7f38-b85e-11ea-8713-e6df19dd7e93
  origin/bump-promote-version-10b873ef-dd4c-11ea-9e86-ea34495797d9
  origin/bump-promote-version-11278f9e-9087-11ea-8d53-16e5cf7cd22c
  origin/bump-promote-version-1146222f-8a15-11ea-8041-fe5e8d8c13b4
  origin/bump-promote-version-114e91cd-bbb1-11ea-8408-560fd83ac55d
  origin/bump-promote-version-115e047a-2d16-4107-ad90-fcd53da7e02c
  origin/bump-promote-version-116a18ab-b85d-11ea-91d0-e6df19dd7e93
  origin/bump-promote-version-11a72578-b84b-11ea-88dc-f2fc8a670b7d
  origin/bump-promote-version-1223a344-8a1c-11ea-adc5-8c85905f674a
  origin/bump-promote-version-129a89a5-bbb0-11ea-8ac4-560fd83ac55d
  origin/bump-promote-version-12dc5151-b84a-11ea-acf2-f2fc8a670b7d
  origin/bump-promote-version-131a8f5d-b85c-11ea-b193-e6df19dd7e93
  origin/bump-promote-version-133d70d3-5c07-498a-98e2-7a1d7609d10c
  origin/bump-promote-version-1386baf4-eb23-4fec-9b23-37802accef76
  origin/bump-promote-version-1439e092-90f5-11ea-bff9-9e921a31c2b9
  origin/bump-promote-version-144d320e-8a15-11ea-8629-fe5e8d8c13b4
  origin/bump-promote-version-14615e97-9a8b-11ea-9349-3abf645715c6
  origin/bump-promote-version-14a15007-b63e-11ea-ae12-468053faaab2
  origin/bump-promote-version-14eead46-bbb1-11ea-af53-560fd83ac55d
  origin/bump-promote-version-15172787-b84b-11ea-803c-f2fc8a670b7d
  origin/bump-promote-version-154ee5f4-8a19-11ea-834d-8c85905f674a
  origin/bump-promote-version-15a16dab-dd97-11ea-85d5-fa73d30f238f
  origin/bump-promote-version-15d8eb55-b169-11ea-9c75-b274ac07bd77
  origin/bump-promote-version-15f0bb46-b85e-11ea-8551-e6df19dd7e93
  origin/bump-promote-version-15f8e05a-d64e-11ea-aad6-ea54b04801e8
  origin/bump-promote-version-165b6e8c-d0cf-11ea-a30c-c2120c513f24
  origin/bump-promote-version-1660b129-bbb0-11ea-8c2c-560fd83ac55d
  origin/bump-promote-version-1662b5d7-b84a-11ea-8293-f2fc8a670b7d
  origin/bump-promote-version-16d7ee68-8a1c-11ea-9afa-8c85905f674a
  origin/bump-promote-version-1718d12b-b85d-11ea-a927-e6df19dd7e93
  origin/bump-promote-version-17bebc5b-8a15-11ea-b9e3-fe5e8d8c13b4
  origin/bump-promote-version-18cb953a-bbb1-11ea-a027-560fd83ac55d
  origin/bump-promote-version-192f9764-8a22-11ea-8bfc-8c85905f674a
  origin/bump-promote-version-19521f4f-b85c-11ea-a771-e6df19dd7e93
  origin/bump-promote-version-19614a46-a997-11ea-bd93-2e71a4313c42
  origin/bump-promote-version-196e7835-d852-4b59-9306-2318f6730f4b
  origin/bump-promote-version-19bdd000-8a19-11ea-b8ac-8c85905f674a
  origin/bump-promote-version-19d709b7-64d2-46ea-afd6-c6bb9f679e2f
  origin/bump-promote-version-19e27b12-b84a-11ea-9ea6-f2fc8a670b7d
  origin/bump-promote-version-1a275c27-bbb0-11ea-b065-560fd83ac55d
  origin/bump-promote-version-1a5f7208-d304-11ea-8f58-3668a8cac386
  origin/bump-promote-version-1aee4066-d0a6-11ea-9184-7a6c46640f10
  origin/bump-promote-version-1b1869db-95cb-45e3-ab35-f34d6f340a63
  origin/bump-promote-version-1b6d484d-8a15-11ea-87dc-fe5e8d8c13b4
  origin/bump-promote-version-1b8cd1ee-b85e-11ea-9c61-e6df19dd7e93
  origin/bump-promote-version-1b8ce10c-8a1c-11ea-8353-8c85905f674a
  origin/bump-promote-version-1ba56de8-dbf9-11ea-811a-fae52dea0242
  origin/bump-promote-version-1c070dce-8f7d-11ea-9980-6a066344c39a
  origin/bump-promote-version-1c09c451-a622-11ea-98a6-2a2bc51bf0be
  origin/bump-promote-version-1c827836-bbb1-11ea-aa89-560fd83ac55d
  origin/bump-promote-version-1cc3da64-b23f-11ea-b440-6aa7db3ee2e7
  origin/bump-promote-version-1cf39165-b85d-11ea-afc7-e6df19dd7e93
  origin/bump-promote-version-1d18e8c4-d09e-11ea-9134-32656b19ca60
  origin/bump-promote-version-1daf32b8-b84a-11ea-9d05-f2fc8a670b7d
  origin/bump-promote-version-1df14098-bbb0-11ea-bbf1-560fd83ac55d
  origin/bump-promote-version-1df7780f-b24f-11ea-bedf-4ea45be8fcff
  origin/bump-promote-version-1e5a005c-8a19-11ea-ad5b-8c85905f674a
  origin/bump-promote-version-1e6d5009-d70f-11ea-a0ff-aa6919a9eff1
  origin/bump-promote-version-1ece89d4-8a15-11ea-ab99-fe5e8d8c13b4
  origin/bump-promote-version-1f0157d8-b85c-11ea-afde-e6df19dd7e93
  origin/bump-promote-version-2011ee0c-8a1c-11ea-bda2-8c85905f674a
  origin/bump-promote-version-203eff0f-8ef1-11ea-a97f-8e2d1644aa32
  origin/bump-promote-version-2061439b-bbb1-11ea-91fc-560fd83ac55d
  origin/bump-promote-version-20e4207a-dec9-11ea-a642-b256b87f6763
  origin/bump-promote-version-2131ab5d-b85e-11ea-94dc-e6df19dd7e93
  origin/bump-promote-version-215bd364-b6fe-11ea-a1db-26c8cbe53920
  origin/bump-promote-version-217aef94-bbb0-11ea-bb96-560fd83ac55d
  origin/bump-promote-version-220141f8-8a15-11ea-a758-fe5e8d8c13b4
  origin/bump-promote-version-2211ef09-b84a-11ea-ad1e-f2fc8a670b7d
  origin/bump-promote-version-2276fc87-a9b2-11ea-8284-9ab479621545
  origin/bump-promote-version-22b5457f-b85d-11ea-bcda-e6df19dd7e93
  origin/bump-promote-version-22b9e20b-943d-11ea-82d5-a6e98f634ee2
  origin/bump-promote-version-23146268-8a19-11ea-b25a-8c85905f674a
  origin/bump-promote-version-23a0997d-e951-47fe-9856-36917ae5d806
  origin/bump-promote-version-23d642fe-493f-4146-ab32-68c7051435c9
  origin/bump-promote-version-24b792ca-bbb1-11ea-8f89-560fd83ac55d
  origin/bump-promote-version-2501e63b-907d-11ea-a6d0-5af5079c0420
  origin/bump-promote-version-2519c519-96e5-4c03-8af1-1aca032257f9
  origin/bump-promote-version-251d6559-c1b7-4c6b-b4e5-b51b62739a2e
  origin/bump-promote-version-253d1866-8a1c-11ea-a077-8c85905f674a
  origin/bump-promote-version-25591606-b85c-11ea-873d-e6df19dd7e93
  origin/bump-promote-version-259b8de3-b84a-11ea-8ed1-f2fc8a670b7d
  origin/bump-promote-version-262ac968-bbb0-11ea-b789-560fd83ac55d
  origin/bump-promote-version-26d477f9-8a15-11ea-bf01-fe5e8d8c13b4
  origin/bump-promote-version-274fd90c-8a19-11ea-8b20-8c85905f674a
  origin/bump-promote-version-2849848b-b85d-11ea-805d-e6df19dd7e93
  origin/bump-promote-version-28a91547-b23c-11ea-89e1-56a8e9b55766
  origin/bump-promote-version-28c67b31-bbb1-11ea-bea9-560fd83ac55d
  origin/bump-promote-version-29224b52-b84a-11ea-a421-f2fc8a670b7d
  origin/bump-promote-version-2a12cbfd-b6f0-11ea-ba39-02db4ef44da1
  origin/bump-promote-version-2a26aee3-bbb0-11ea-baa4-560fd83ac55d
  origin/bump-promote-version-2a2ce964-8a1c-11ea-8df5-8c85905f674a
  origin/bump-promote-version-2a9aec46-8a15-11ea-bb8b-fe5e8d8c13b4
  origin/bump-promote-version-2adf2965-b85c-11ea-a5b0-e6df19dd7e93
  origin/bump-promote-version-2b93375c-8a19-11ea-9eb1-8c85905f674a
  origin/bump-promote-version-2bb8c525-b234-11ea-a357-0a70152dcb39
  origin/bump-promote-version-2bba82ad-e13e-11ea-9350-3e225051d6c8
  origin/bump-promote-version-2ca675e3-bbb1-11ea-a41a-560fd83ac55d
  origin/bump-promote-version-2cd9fba0-b84a-11ea-8544-f2fc8a670b7d
  origin/bump-promote-version-2e13114c-ba67-4300-82fd-d74cb572414e
  origin/bump-promote-version-2e19c8c8-bbb0-11ea-bcb2-560fd83ac55d
  origin/bump-promote-version-2e20d0c2-b85d-11ea-ae6e-e6df19dd7e93
  origin/bump-promote-version-2e39fa08-8a15-11ea-9205-fe5e8d8c13b4
  origin/bump-promote-version-2ecf1fc8-8a1c-11ea-8957-8c85905f674a
  origin/bump-promote-version-300eb298-8a19-11ea-9ff6-8c85905f674a
  origin/bump-promote-version-304c5db7-bbb1-11ea-a215-560fd83ac55d
  origin/bump-promote-version-305437a5-b84a-11ea-a94b-f2fc8a670b7d
  origin/bump-promote-version-3097c4a5-b85c-11ea-9975-e6df19dd7e93
  origin/bump-promote-version-31a6c0e8-8a15-11ea-92d6-fe5e8d8c13b4
  origin/bump-promote-version-321e8305-bbb0-11ea-9fb5-560fd83ac55d
  origin/bump-promote-version-32644028-d7c9-11ea-bfd7-12897fb4dc0e
  origin/bump-promote-version-32f549f1-d22c-11ea-be5b-2eb0922fe8eb
  origin/bump-promote-version-334419d5-9b66-11ea-98f8-aa1fcc4f9a64
  origin/bump-promote-version-334944ba-b6ac-11ea-a09d-5a6afb6eb4f9
  origin/bump-promote-version-335f1cfb-f1f1-4f4d-8f42-23906e48c657
  origin/bump-promote-version-339bf3c0-b85d-11ea-ba37-e6df19dd7e93
  origin/bump-promote-version-33ed4fe6-b84a-11ea-ac1f-f2fc8a670b7d
  origin/bump-promote-version-340b1620-bbb1-11ea-a47b-560fd83ac55d
  origin/bump-promote-version-344db1af-710e-4793-9d5f-6732e5fd2fff
  origin/bump-promote-version-3471ff28-3b56-41de-8757-caa5613d78e2
  origin/bump-promote-version-34793f60-8a19-11ea-9b23-8c85905f674a
  origin/bump-promote-version-34b2aa4c-8bb5-11ea-89af-8677b67199c0
  origin/bump-promote-version-35231907-8a15-11ea-b2b9-fe5e8d8c13b4
  origin/bump-promote-version-35b2bd2c-bbb0-11ea-996d-560fd83ac55d
  origin/bump-promote-version-362f44c4-f028-4420-9702-eb645860affb
  origin/bump-promote-version-36746c14-b85c-11ea-ae57-e6df19dd7e93
  origin/bump-promote-version-3674cf54-a601-4659-abb8-6d812aa28125
  origin/bump-promote-version-377a142e-b84a-11ea-8a27-f2fc8a670b7d
  origin/bump-promote-version-38002af9-b17d-11ea-8711-6a32b88a74b8
  origin/bump-promote-version-3828d6f5-4806-4366-9c75-c6742c495666
  origin/bump-promote-version-38371665-4a96-4cf0-8d8b-3a16c5da9a32
  origin/bump-promote-version-38644e5b-8a15-11ea-8c44-fe5e8d8c13b4
  origin/bump-promote-version-38a915d8-8a19-11ea-8ae6-8c85905f674a
  origin/bump-promote-version-38d29681-bbb1-11ea-977a-560fd83ac55d
  origin/bump-promote-version-39660a26-b85d-11ea-9ffd-e6df19dd7e93
  origin/bump-promote-version-399d7d1f-d676-11ea-b3b1-aa576647aec3
  origin/bump-promote-version-3a2d1bc2-dc73-11ea-a595-fad0ee05d360
  origin/bump-promote-version-3a7f3b9e-bbb0-11ea-9955-560fd83ac55d
  origin/bump-promote-version-3ae0e9c0-9397-11ea-8578-a62f7d345b18
  origin/bump-promote-version-3b23211c-8a11-11ea-9fd7-8c85905f674a
  origin/bump-promote-version-3b4ee4af-7d7e-4a8b-91f1-c4f80d7d0edb
  origin/bump-promote-version-3b9bd118-8c7c-11ea-89fb-520a7d8155a5
  origin/bump-promote-version-3bcc978e-9fec-11ea-832c-3a6603310ad5
  origin/bump-promote-version-3bd97a46-8a15-11ea-9fee-fe5e8d8c13b4
  origin/bump-promote-version-3be715d7-b85c-11ea-b427-e6df19dd7e93
  origin/bump-promote-version-3bf07639-b84a-11ea-9829-f2fc8a670b7d
  origin/bump-promote-version-3cc2b4b3-bbb1-11ea-91d9-560fd83ac55d
  origin/bump-promote-version-3d52c250-8a19-11ea-b6a2-8c85905f674a
  origin/bump-promote-version-3dc26e9b-2de1-4e36-a611-199db304dce1
  origin/bump-promote-version-3e6a3288-bbb0-11ea-bb37-560fd83ac55d
  origin/bump-promote-version-3f00fb45-8a15-11ea-83fe-fe5e8d8c13b4
  origin/bump-promote-version-3f75943e-8a11-11ea-82a3-8c85905f674a
  origin/bump-promote-version-3fa9c749-b84a-11ea-8de1-f2fc8a670b7d
  origin/bump-promote-version-3fe7d106-8a43-11ea-86f7-0adc7f814aba
  origin/bump-promote-version-400c8b9f-df06-11ea-a9ad-ae64ba3b96c0
  origin/bump-promote-version-406c9fde-b85d-11ea-8d23-e6df19dd7e93
  origin/bump-promote-version-4075fd7f-bbb1-11ea-9bf6-560fd83ac55d
  origin/bump-promote-version-410e667e-b201-11ea-ac9e-b244fb449ae6
  origin/bump-promote-version-41388c31-9432-11ea-86c5-16d700b23f3a
  origin/bump-promote-version-41465b37-f433-475a-87fe-87294f12fb80
  origin/bump-promote-version-41489e87-dbc4-11ea-ad97-b609c4bdd2a2
  origin/bump-promote-version-415bc829-b85c-11ea-a487-e6df19dd7e93
  origin/bump-promote-version-41b72b74-8a19-11ea-9f4e-8c85905f674a
  origin/bump-promote-version-425864d9-8a15-11ea-a2a3-fe5e8d8c13b4
  origin/bump-promote-version-4298c8cb-0f6c-402b-91c0-d10f9c9f450c
  origin/bump-promote-version-42aaa3e7-d57c-11ea-887e-ee02ee1fd99b
  origin/bump-promote-version-42e703fb-a5de-11ea-9961-def0fb920439
  origin/bump-promote-version-433815eb-b84a-11ea-81b8-f2fc8a670b7d
  origin/bump-promote-version-43a378cc-8e93-4d81-af7b-b944745b9102
  origin/bump-promote-version-43ab2104-bbb0-11ea-b38c-560fd83ac55d
  origin/bump-promote-version-43c82ba8-def3-11ea-b638-f6e8a3b461ef
  origin/bump-promote-version-43d9c59a-8a11-11ea-b893-8c85905f674a
  origin/bump-promote-version-4415b5ec-bbb1-11ea-b22d-560fd83ac55d
  origin/bump-promote-version-443f1e96-a6eb-11ea-b2a8-a247a9b55855
  origin/bump-promote-version-44d66c7a-8a0f-11ea-87d4-8c85905f674a
  origin/bump-promote-version-454a4250-8a15-11ea-a655-fe5e8d8c13b4
  origin/bump-promote-version-45fa92ca-8a19-11ea-9b4f-8c85905f674a
  origin/bump-promote-version-46d14a40-b84a-11ea-9284-f2fc8a670b7d
  origin/bump-promote-version-46f93088-b85c-11ea-a37f-e6df19dd7e93
  origin/bump-promote-version-470ba700-b85d-11ea-a585-e6df19dd7e93
  origin/bump-promote-version-47f623f7-bbb0-11ea-8337-560fd83ac55d
  origin/bump-promote-version-4817074b-dd37-11ea-b2fa-06fde6654814
  origin/bump-promote-version-483ed669-8a15-11ea-9233-fe5e8d8c13b4
  origin/bump-promote-version-485a4dd6-bbb1-11ea-8117-560fd83ac55d
  origin/bump-promote-version-495d5e99-92a2-4b35-8bfb-57ef8ec6f47f
  origin/bump-promote-version-4a4a3cd6-8a19-11ea-84b2-8c85905f674a
  origin/bump-promote-version-4a6e5987-d925-4937-99e6-1cba89322398
  origin/bump-promote-version-4a8d3daf-b84a-11ea-8c4a-f2fc8a670b7d
  origin/bump-promote-version-4b836250-08a0-443b-9459-a91cee4e6a79
  origin/bump-promote-version-4bebc6a8-bbb0-11ea-b735-560fd83ac55d
  origin/bump-promote-version-4c19a893-8a15-11ea-9148-fe5e8d8c13b4
  origin/bump-promote-version-4c6235ad-e04e-11ea-9215-42d7ecc28265
  origin/bump-promote-version-4c670f75-bbb1-11ea-bc38-560fd83ac55d
  origin/bump-promote-version-4cadf9f4-a1a6-11ea-a637-e2a1078e4bb6
  origin/bump-promote-version-4cb37b6b-b2b6-11ea-866b-fefe45601e6b
  origin/bump-promote-version-4d195872-b85d-11ea-ad9e-e6df19dd7e93
  origin/bump-promote-version-4d46b492-b85c-11ea-85d7-e6df19dd7e93
  origin/bump-promote-version-4e205ed3-8d1d-11ea-a0c6-5e955d992412
  origin/bump-promote-version-4e21f0da-b84a-11ea-b20d-f2fc8a670b7d
  origin/bump-promote-version-4e3b62db-93ae-11ea-877a-da82350018dc
  origin/bump-promote-version-4e5b689a-8a19-11ea-b5b3-8c85905f674a
  origin/bump-promote-version-4ed7b388-deb6-11ea-b17b-8e655a98a684
  origin/bump-promote-version-4f2f439d-a704-11ea-b0c0-dea21b4e5364
  origin/bump-promote-version-4f8cc571-91f1-4c02-a89b-4a1a6abdfe84
  origin/bump-promote-version-4fa764a5-1457-4c88-b1cb-9f81fde3f071
  origin/bump-promote-version-4fabe4d5-8a15-11ea-9204-fe5e8d8c13b4
  origin/bump-promote-version-4febd18a-bbb0-11ea-8d3d-560fd83ac55d
  origin/bump-promote-version-5065631c-bbb1-11ea-98a3-560fd83ac55d
  origin/bump-promote-version-5122fa36-7a07-4a5a-9aa8-d269926b89f0
  origin/bump-promote-version-519fc251-b84a-11ea-809b-f2fc8a670b7d
  origin/bump-promote-version-52789de4-8a19-11ea-bc59-8c85905f674a
  origin/bump-promote-version-52a2e30d-b841-11ea-9dab-16c213c703a2
  origin/bump-promote-version-52becbcc-8a0d-11ea-9ac6-8c85905f674a
  origin/bump-promote-version-52d00ae6-b85d-11ea-a2b7-e6df19dd7e93
  origin/bump-promote-version-52faa0fb-8a15-11ea-b919-fe5e8d8c13b4
  origin/bump-promote-version-5300384c-a663-11ea-87c5-aee0f89d3715
  origin/bump-promote-version-53122526-b85c-11ea-993d-e6df19dd7e93
  origin/bump-promote-version-53a277e1-9722-4dfe-b6d3-ad545c552db7
  origin/bump-promote-version-53acd4db-de47-11ea-9e16-2642d700153e
  origin/bump-promote-version-53f1f1c2-bbb0-11ea-a8e4-560fd83ac55d
  origin/bump-promote-version-540f631a-5250-41a6-88d2-43eb065b68ae
  origin/bump-promote-version-542fb9c5-bbb1-11ea-99be-560fd83ac55d
  origin/bump-promote-version-54b84fab-b471-11ea-b389-b67626b57cc3
  origin/bump-promote-version-54c17db6-b22f-11ea-9e92-fec0471567bb
  origin/bump-promote-version-557a76e0-d562-11ea-8533-22861406151b
  origin/bump-promote-version-5584518b-df8d-11ea-85dc-d23c23b1fb72
  origin/bump-promote-version-563c3813-db04-11ea-85ac-3aedfc29538c
  origin/bump-promote-version-565ffcaa-b84a-11ea-9897-f2fc8a670b7d
  origin/bump-promote-version-56a66384-8a15-11ea-94f6-fe5e8d8c13b4
  origin/bump-promote-version-56df3136-8a19-11ea-981a-8c85905f674a
  origin/bump-promote-version-57642d02-8a0d-11ea-985b-8c85905f674a
  origin/bump-promote-version-577baf44-d307-11ea-b55d-66ce8e6b8495
  origin/bump-promote-version-57d2df6f-bbb0-11ea-b4e5-560fd83ac55d
  origin/bump-promote-version-57f0de4e-b15f-11ea-bfb9-461a4c161fcc
  origin/bump-promote-version-587bcfeb-b85d-11ea-9ec6-e6df19dd7e93
  origin/bump-promote-version-58a2ab5b-5b20-41af-b343-1237bc29b3eb
  origin/bump-promote-version-58ac4ff8-b85c-11ea-a71d-e6df19dd7e93
  origin/bump-promote-version-597ece34-8a15-11ea-aece-fe5e8d8c13b4
  origin/bump-promote-version-59da057a-bbb1-11ea-8baa-560fd83ac55d
  origin/bump-promote-version-59ee487b-b84a-11ea-b7d0-f2fc8a670b7d
  origin/bump-promote-version-5b950e4a-bbb0-11ea-bc3d-560fd83ac55d
  origin/bump-promote-version-5b9ddd1c-8a19-11ea-be58-8c85905f674a
  origin/bump-promote-version-5be7e63e-8a0d-11ea-b524-8c85905f674a
  origin/bump-promote-version-5c23ea7c-90a3-11ea-8b49-8e513093ac12
  origin/bump-promote-version-5c68f7ae-df86-11ea-8e73-56d8a0ea70f8
  origin/bump-promote-version-5d56fbaa-8a26-11ea-90a7-ba4a849428a0
  origin/bump-promote-version-5d9f4e51-a7fd-11ea-b894-0e0226e091e9
  origin/bump-promote-version-5daa1554-8a15-11ea-8f96-fe5e8d8c13b4
  origin/bump-promote-version-5e07dbd0-b85d-11ea-8fb8-e6df19dd7e93
  origin/bump-promote-version-5e1973fb-bbb1-11ea-942b-560fd83ac55d
  origin/bump-promote-version-5e1a6899-b85c-11ea-947c-e6df19dd7e93
  origin/bump-promote-version-5e8ab9f0-b84a-11ea-a30a-f2fc8a670b7d
  origin/bump-promote-version-5f757eaf-bbb0-11ea-b370-560fd83ac55d
  origin/bump-promote-version-606d49f6-8a0d-11ea-ae9f-8c85905f674a
  origin/bump-promote-version-60b96706-8a15-11ea-84aa-fe5e8d8c13b4
  origin/bump-promote-version-6120fda7-dca4-11ea-93ba-fa1008f3274d
  origin/bump-promote-version-618d7174-8a19-11ea-9b52-8c85905f674a
  origin/bump-promote-version-61f57994-b84a-11ea-ad1a-f2fc8a670b7d
  origin/bump-promote-version-62203267-e9ea-4e59-b24f-f2ab46c806a7
  origin/bump-promote-version-62803fd0-d6fe-11ea-bc90-3efa976256ba
  origin/bump-promote-version-62c7819a-d33f-11ea-a892-2e40efec3b50
  origin/bump-promote-version-6304ae5e-bbb1-11ea-8df2-560fd83ac55d
  origin/bump-promote-version-632b7f96-b85d-11ea-932c-e6df19dd7e93
  origin/bump-promote-version-638cb5f3-bbb0-11ea-9a55-560fd83ac55d
  origin/bump-promote-version-63aae050-8a15-11ea-a268-fe5e8d8c13b4
  origin/bump-promote-version-63d4b0fa-b85c-11ea-9dd2-e6df19dd7e93
  origin/bump-promote-version-64c9a50a-8a14-11ea-a33a-fe5e8d8c13b4
  origin/bump-promote-version-651d32a4-8a0d-11ea-8d88-8c85905f674a
  origin/bump-promote-version-6536597e-86be-4e76-a9f5-eb22fcb66949
  origin/bump-promote-version-658cd6e3-b84a-11ea-a1b0-f2fc8a670b7d
  origin/bump-promote-version-65b904c7-8d50-11ea-bbcb-2621d9ea621f
  origin/bump-promote-version-65ef296a-8a19-11ea-9316-8c85905f674a
  origin/bump-promote-version-66521c9a-939d-11ea-acf0-865c4ee484b7
  origin/bump-promote-version-66557dd5-04a7-4a15-869d-01e2d957b759
  origin/bump-promote-version-67393291-bbb1-11ea-b31f-560fd83ac55d
  origin/bump-promote-version-673c274b-8a15-11ea-a2ba-fe5e8d8c13b4
  origin/bump-promote-version-67584729-bbb0-11ea-bccc-560fd83ac55d
  origin/bump-promote-version-680e364c-8a14-11ea-b55b-fe5e8d8c13b4
  origin/bump-promote-version-68280e47-b14e-11ea-99e3-ee37400a0d99
  origin/bump-promote-version-68395b0d-de44-11ea-8380-3250dc8c4515
  origin/bump-promote-version-6910c91c-b249-11ea-b8c3-ce01d5b37e63
  origin/bump-promote-version-694e4674-8a0d-11ea-862c-8c85905f674a
  origin/bump-promote-version-6951f854-b85c-11ea-a952-e6df19dd7e93
  origin/bump-promote-version-69775eb2-b84a-11ea-a232-f2fc8a670b7d
  origin/bump-promote-version-6a18ad5b-90f9-11ea-9199-eaf283fb8217
  origin/bump-promote-version-6a48100d-4e71-4a59-8e50-21b973457660
  origin/bump-promote-version-6a6b26d8-8a19-11ea-8161-8c85905f674a
  origin/bump-promote-version-6a86f82c-b85d-11ea-8cd1-e6df19dd7e93
  origin/bump-promote-version-6ac4b050-8a15-11ea-a16a-fe5e8d8c13b4
  origin/bump-promote-version-6b25f929-d7f3-11ea-80b6-6efc64f02895
  origin/bump-promote-version-6b36b76a-bbb1-11ea-9819-560fd83ac55d
  origin/bump-promote-version-6b4b6903-bbb0-11ea-a7fe-560fd83ac55d
  origin/bump-promote-version-6b822217-8a14-11ea-8445-fe5e8d8c13b4
  origin/bump-promote-version-6b9f0dc4-e146-11ea-b115-f29ae5079098
  origin/bump-promote-version-6c2a8cb9-9689-11ea-b148-068a52317acf
  origin/bump-promote-version-6c4947d1-cb79-404e-93ac-3e521af7241c
  origin/bump-promote-version-6c6027b1-c19c-41d6-917d-f43f709eb2ce
  origin/bump-promote-version-6cf5c4bc-b84a-11ea-bcab-f2fc8a670b7d
  origin/bump-promote-version-6cfde740-d00c-11ea-83f0-ce6953914dee
  origin/bump-promote-version-6d5468a4-dbcc-11ea-92b2-be62e97cd53d
  origin/bump-promote-version-6d66e93c-8a0d-11ea-92c5-8c85905f674a
  origin/bump-promote-version-6d975c36-a1a1-11ea-8a29-5258ab18dfd5
  origin/bump-promote-version-6db0317a-b9e3-4877-9dc7-eb5ae011c9d5
  origin/bump-promote-version-6e63c6ec-8a15-11ea-9a05-fe5e8d8c13b4
  origin/bump-promote-version-6ec2a6db-8a14-11ea-9851-fe5e8d8c13b4
  origin/bump-promote-version-6f46fd1c-8a19-11ea-be47-8c85905f674a
  origin/bump-promote-version-6f4859ea-b85c-11ea-82a2-e6df19dd7e93
  origin/bump-promote-version-6f5fae30-8a18-11ea-9d24-8c85905f674a
  origin/bump-promote-version-6f803155-bbb1-11ea-8351-560fd83ac55d
  origin/bump-promote-version-6f961d7d-8dcb-11ea-8714-b2ee373325fe
  origin/bump-promote-version-6fdbec5b-8f7b-11ea-b1f9-2eb824c0adbc
  origin/bump-promote-version-6fe011b6-d1ba-11ea-8903-b2b8fc29909c
  origin/bump-promote-version-6ff11bd3-db21-11ea-b65c-daab52aaf61c
  origin/bump-promote-version-70054292-bbb0-11ea-800e-560fd83ac55d
  origin/bump-promote-version-7097a71f-b85d-11ea-b0dc-e6df19dd7e93
  origin/bump-promote-version-710d628c-b84a-11ea-b9ca-f2fc8a670b7d
  origin/bump-promote-version-71525090-8a0d-11ea-918a-8c85905f674a
  origin/bump-promote-version-7172e717-8ae5-11ea-a95f-8a66034adadd
  origin/bump-promote-version-71a6ff81-8a15-11ea-a1c6-fe5e8d8c13b4
  origin/bump-promote-version-71b369cf-dd98-11ea-b232-868591831747
  origin/bump-promote-version-71b5a7c7-8a14-11ea-a4a7-fe5e8d8c13b4
  origin/bump-promote-version-71fc367c-b633-11ea-8570-3a91447dbfdb
  origin/bump-promote-version-72798513-4e5e-458a-9db8-a34759795c43
  origin/bump-promote-version-734807a7-8765-49b2-96f2-fb81dbd8b4ea
  origin/bump-promote-version-73d0d5f7-145d-4174-a3cb-7a2d92ca22d7
  origin/bump-promote-version-744eb0ac-8a19-11ea-b954-8c85905f674a
  origin/bump-promote-version-7492a583-91c7-11ea-98e9-a609191f65c5
  origin/bump-promote-version-7495945d-c4c9-496f-a338-2dd6f6e0628e
  origin/bump-promote-version-74a37be2-bbb1-11ea-a1b4-560fd83ac55d
  origin/bump-promote-version-74a75f67-b85c-11ea-99c7-e6df19dd7e93
  origin/bump-promote-version-74d190bb-b84a-11ea-9a4b-f2fc8a670b7d
  origin/bump-promote-version-7529160e-8a0d-11ea-9dff-8c85905f674a
  origin/bump-promote-version-752be79a-bbb0-11ea-b96a-560fd83ac55d
  origin/bump-promote-version-753e19c5-8a15-11ea-8cb4-fe5e8d8c13b4
  origin/bump-promote-version-75ae5fe3-8a14-11ea-96c3-fe5e8d8c13b4
  origin/bump-promote-version-7612f974-b85d-11ea-b3e6-e6df19dd7e93
  origin/bump-promote-version-76da8122-9516-11ea-8750-1eef41010e56
  origin/bump-promote-version-77996182-e1d6-4f44-a9c8-7df1271b5d08
  origin/bump-promote-version-783b83f0-8a15-11ea-80e2-fe5e8d8c13b4
  origin/bump-promote-version-783e7b08-b84a-11ea-ab3c-f2fc8a670b7d
  origin/bump-promote-version-78813730-8a19-11ea-9a3e-8c85905f674a
  origin/bump-promote-version-791b20aa-bbb0-11ea-8cd2-560fd83ac55d
  origin/bump-promote-version-792c15b4-bbb1-11ea-8ebf-560fd83ac55d
  origin/bump-promote-version-7958fa0c-8a14-11ea-8597-fe5e8d8c13b4
  origin/bump-promote-version-799055c2-b469-11ea-acf3-428867d095a5
  origin/bump-promote-version-79bddfdb-8d16-11ea-85fd-32c87893a3ad
  origin/bump-promote-version-7a48d278-b85c-11ea-87d4-e6df19dd7e93
  origin/bump-promote-version-7a67bbfc-8a0d-11ea-ba81-8c85905f674a
  origin/bump-promote-version-7ac32fce-a9a5-11ea-bae8-6a8f0bd23959
  origin/bump-promote-version-7ac35e86-d557-11ea-897a-8a2a99833e81
  origin/bump-promote-version-7b015fc6-b486-11ea-b831-7e31e3eb03b6
  origin/bump-promote-version-7b5a32ce-c523-42ee-8f03-165f920dcb9a
  origin/bump-promote-version-7b6f3191-21f1-4cb7-ae3a-6a3d3fcdf465
  origin/bump-promote-version-7bb4e827-b84a-11ea-ad6b-f2fc8a670b7d
  origin/bump-promote-version-7bc03891-8a15-11ea-9e65-fe5e8d8c13b4
  origin/bump-promote-version-7c3993bb-c6ee-4d2f-8337-206a1563d284
  origin/bump-promote-version-7c4bb806-b85d-11ea-a1fc-e6df19dd7e93
  origin/bump-promote-version-7cc9a1df-8a14-11ea-8cd4-fe5e8d8c13b4
  origin/bump-promote-version-7d1f62f4-50b3-4a45-95b9-061fc19e077f
  origin/bump-promote-version-7d637132-bbb0-11ea-bef6-560fd83ac55d
  origin/bump-promote-version-7db0665e-8a19-11ea-8312-8c85905f674a
  origin/bump-promote-version-7dfd7743-bbb1-11ea-9f56-560fd83ac55d
  origin/bump-promote-version-7e52091e-9c07-11ea-a455-be43af10f9a8
  origin/bump-promote-version-7e616df7-d2fd-11ea-ae98-2a350a8922c5
  origin/bump-promote-version-7e6aae9e-8a0d-11ea-a1a5-8c85905f674a
  origin/bump-promote-version-7ef0cffb-8b29-11ea-b6e1-b2e2ea6c29e6
  origin/bump-promote-version-7f019c05-8a15-11ea-8f62-fe5e8d8c13b4
  origin/bump-promote-version-7f627eda-b84a-11ea-b918-f2fc8a670b7d
  origin/bump-promote-version-7feab746-b85c-11ea-a1c1-e6df19dd7e93
  origin/bump-promote-version-7ff959e7-ba11-4dc8-a66f-6fc447ff2200
  origin/bump-promote-version-802c9c55-d00e-11ea-abf1-2ad0d44f1efa
  origin/bump-promote-version-804f8f0d-8a14-11ea-87b4-fe5e8d8c13b4
  origin/bump-promote-version-810b387c-8d2f-11ea-bd1e-cac6a1a940be
  origin/bump-promote-version-813326df-bbb0-11ea-bf61-560fd83ac55d
  origin/bump-promote-version-813e363e-b5d7-4c6c-94b8-077ac66dc0e2
  origin/bump-promote-version-81d73e21-8a15-11ea-8e38-fe5e8d8c13b4
  origin/bump-promote-version-820a2ec5-d2ed-11ea-b714-be2dbd9abcdb
  origin/bump-promote-version-824a9f9a-8a19-11ea-8c95-8c85905f674a
  origin/bump-promote-version-8253e730-b44d-11ea-a5e9-828074401ea2
  origin/bump-promote-version-826c953a-b85d-11ea-86cb-e6df19dd7e93
  origin/bump-promote-version-8286a588-bbb1-11ea-a57a-560fd83ac55d
  origin/bump-promote-version-82993e9a-8a0d-11ea-bf8c-8c85905f674a
  origin/bump-promote-version-82f09e24-b84a-11ea-a557-f2fc8a670b7d
  origin/bump-promote-version-83364c3f-90fe-11ea-b980-4240173bd21c
  origin/bump-promote-version-83e53c25-8a14-11ea-81e3-fe5e8d8c13b4
  origin/bump-promote-version-84b9e541-8abc-11ea-ae0b-c2e4994b3210
  origin/bump-promote-version-84bf58fc-8a15-11ea-a7bf-fe5e8d8c13b4
  origin/bump-promote-version-853fe2d0-bbb0-11ea-9829-560fd83ac55d
  origin/bump-promote-version-85880541-d158-11ea-abb4-867fe045f2ab
  origin/bump-promote-version-859e3b57-b639-11ea-9115-8ae37dc276c7
  origin/bump-promote-version-85c7083f-ba73-4130-94eb-ca50b77f8e1b
  origin/bump-promote-version-85ed0186-b85c-11ea-95e5-e6df19dd7e93
  origin/bump-promote-version-85edfd29-8fba-11ea-98e5-6a594d64fa69
  origin/bump-promote-version-8630435a-8fb8-11ea-88a8-56552810fa51
  origin/bump-promote-version-866fe7f8-8a0d-11ea-84b4-8c85905f674a
  origin/bump-promote-version-86b22da0-8a19-11ea-b214-8c85905f674a
  origin/bump-promote-version-86b9fa45-b84a-11ea-9451-f2fc8a670b7d
  origin/bump-promote-version-86cfd0e4-8a0f-11ea-8d66-8c85905f674a
  origin/bump-promote-version-86f1c999-8a14-11ea-985b-fe5e8d8c13b4
  origin/bump-promote-version-87e3d5be-b85d-11ea-84da-e6df19dd7e93
  origin/bump-promote-version-882a9ff4-8a15-11ea-b45c-fe5e8d8c13b4
  origin/bump-promote-version-887c95d9-d00b-11ea-8259-32b9eb5b68b1
  origin/bump-promote-version-88ee0a39-bbb0-11ea-9f37-560fd83ac55d
  origin/bump-promote-version-89262cd5-b22c-11ea-b008-1a407f8bc2d6
  origin/bump-promote-version-89927b0a-de33-11ea-afb9-a2b77c6fc6bf
  origin/bump-promote-version-89cc40a6-d67d-11ea-a80c-6ab7ebb0c473
  origin/bump-promote-version-8a3af10c-8a0d-11ea-8a29-8c85905f674a
  origin/bump-promote-version-8a401edb-b84a-11ea-8106-f2fc8a670b7d
  origin/bump-promote-version-8a419c26-8a14-11ea-aa98-fe5e8d8c13b4
  origin/bump-promote-version-8a5eeb9b-b244-11ea-83ed-026ed1d69071
  origin/bump-promote-version-8a8a3602-8a0f-11ea-9625-8c85905f674a
  origin/bump-promote-version-8ae47de5-9414-11ea-90a1-ea994965c8dc
  origin/bump-promote-version-8b0bb786-8a19-11ea-b24b-8c85905f674a
  origin/bump-promote-version-8b10105e-8a15-11ea-8ad8-fe5e8d8c13b4
  origin/bump-promote-version-8b419ccf-de4f-11ea-828b-4a6ba5e0e74f
  origin/bump-promote-version-8b77a4c3-b85c-11ea-ae37-e6df19dd7e93
  origin/bump-promote-version-8c774c1d-8817-4a19-9dd8-8858df6474c6
  origin/bump-promote-version-8c9e0071-bbb0-11ea-afa4-560fd83ac55d
  origin/bump-promote-version-8d0b1671-b849-11ea-beb8-f2fc8a670b7d
  origin/bump-promote-version-8d544436-12f3-4e86-b6c8-5f9984ebaa8e
  origin/bump-promote-version-8d94b796-8a14-11ea-b5f0-fe5e8d8c13b4
  origin/bump-promote-version-8dbec586-b84a-11ea-b712-f2fc8a670b7d
  origin/bump-promote-version-8ddf6f4d-b85d-11ea-9340-e6df19dd7e93
  origin/bump-promote-version-8e0ab826-8a0d-11ea-931e-8c85905f674a
  origin/bump-promote-version-8e2e2012-8a15-11ea-af07-fe5e8d8c13b4
  origin/bump-promote-version-8e7dc012-8a0f-11ea-a968-8c85905f674a
  origin/bump-promote-version-8ef0dc60-c970-4cd2-b140-1a5ee3328fb3
  origin/bump-promote-version-8f3023c4-8a19-11ea-98dd-8c85905f674a
  origin/bump-promote-version-8f35d435-d530-496c-a180-459d336ff26b
  origin/bump-promote-version-8f38e4fc-b6ad-11ea-bc5a-ca5b03a6e1be
  origin/bump-promote-version-8feeee8e-78d0-4de6-bc3d-67453ca47356
  origin/bump-promote-version-90746673-8a14-11ea-93a1-fe5e8d8c13b4
  origin/bump-promote-version-908ba847-b849-11ea-8f90-f2fc8a670b7d
  origin/bump-promote-version-90bb4a7a-8f64-11ea-9d7d-f64ab0a597a9
  origin/bump-promote-version-90ebb84e-bbb0-11ea-b05b-560fd83ac55d
  origin/bump-promote-version-9137bc30-d7fc-11ea-8b2e-da5d65c368ce
  origin/bump-promote-version-9146fd28-0763-479e-8774-ba7c1753a88f
  origin/bump-promote-version-9179c59a-8a15-11ea-b3be-fe5e8d8c13b4
  origin/bump-promote-version-91b5bdc6-b85c-11ea-b448-e6df19dd7e93
  origin/bump-promote-version-9211cb6c-8a0d-11ea-8a2e-8c85905f674a
  origin/bump-promote-version-92207f9b-b84a-11ea-bd47-f2fc8a670b7d
  origin/bump-promote-version-92540a20-dc61-11ea-85ec-7624b7951db6
  origin/bump-promote-version-933c7e94-81b9-42f6-9125-60ec69aca587
  origin/bump-promote-version-937793d9-b85d-11ea-95fe-e6df19dd7e93
  origin/bump-promote-version-937a4838-8a19-11ea-b7e1-8c85905f674a
  origin/bump-promote-version-9395291e-8a0f-11ea-a5f3-8c85905f674a
  origin/bump-promote-version-93db2977-8a14-11ea-8c4f-fe5e8d8c13b4
  origin/bump-promote-version-9432c831-b849-11ea-ace7-f2fc8a670b7d
  origin/bump-promote-version-94449822-a643-11ea-9b8e-de6c76ed5ca1
  origin/bump-promote-version-94ac770d-bbb0-11ea-8e33-560fd83ac55d
  origin/bump-promote-version-95673f00-8a15-11ea-8890-fe5e8d8c13b4
  origin/bump-promote-version-95cb5c75-5394-4b14-976e-0930299b55ee
  origin/bump-promote-version-95e44756-8a0d-11ea-9730-8c85905f674a
  origin/bump-promote-version-96205a13-b84a-11ea-8282-f2fc8a670b7d
  origin/bump-promote-version-972c157d-b85c-11ea-b81c-e6df19dd7e93
  origin/bump-promote-version-9758ea16-f137-459f-8ec6-8e46d8b63e9b
  origin/bump-promote-version-977b045e-8a0f-11ea-ae8e-8c85905f674a
  origin/bump-promote-version-978329bf-8a14-11ea-bafc-fe5e8d8c13b4
  origin/bump-promote-version-97d359bc-b849-11ea-bb9f-f2fc8a670b7d
  origin/bump-promote-version-97dbded2-8a19-11ea-a78b-8c85905f674a
  origin/bump-promote-version-9829e619-e0ac-11ea-b240-7687f65ffe29
  origin/bump-promote-version-985b9959-bbb0-11ea-b7c6-560fd83ac55d
  origin/bump-promote-version-98a367a0-88c7-456d-8bb4-759a19f734db
  origin/bump-promote-version-98a69dcb-8a15-11ea-b4ed-fe5e8d8c13b4
  origin/bump-promote-version-98c26869-b3be-11ea-8c96-86b04ab8f4fe
  origin/bump-promote-version-9993948a-b85d-11ea-86ee-e6df19dd7e93
  origin/bump-promote-version-99ee3055-b84a-11ea-8a86-f2fc8a670b7d
  origin/bump-promote-version-9a423164-8a0d-11ea-a667-8c85905f674a
  origin/bump-promote-version-9ae6ff83-8a14-11ea-a6e8-fe5e8d8c13b4
  origin/bump-promote-version-9b8eb895-b849-11ea-9b0b-f2fc8a670b7d
  origin/bump-promote-version-9be64d3c-8a0f-11ea-a200-8c85905f674a
  origin/bump-promote-version-9c0de176-8a19-11ea-901b-8c85905f674a
  origin/bump-promote-version-9c13f582-8a15-11ea-a2c0-fe5e8d8c13b4
  origin/bump-promote-version-9c78ae6e-d02e-11ea-8ae1-72012f0ecc0f
  origin/bump-promote-version-9cda7f09-246a-4e11-8bef-a9f9e952b656
  origin/bump-promote-version-9d07d67f-b85c-11ea-900d-e6df19dd7e93
  origin/bump-promote-version-9d448ef9-bbb0-11ea-b950-560fd83ac55d
  origin/bump-promote-version-9d4b2fd6-09c0-4956-a2ca-d0f1769fb928
  origin/bump-promote-version-9d76b18a-b84a-11ea-b107-f2fc8a670b7d
  origin/bump-promote-version-9d9b103a-9542-11ea-bf13-1e4ce5132d8f
  origin/bump-promote-version-9ddb4499-8d5f-11ea-97b1-f217f2b5ecea
  origin/bump-promote-version-9e3c9de0-909b-11ea-b908-a2a210a23ec5
  origin/bump-promote-version-9e5dfd31-8a14-11ea-b3ad-fe5e8d8c13b4
  origin/bump-promote-version-9eeb8df9-b849-11ea-9ee7-f2fc8a670b7d
  origin/bump-promote-version-9f19283c-8a0d-11ea-a84a-8c85905f674a
  origin/bump-promote-version-9f2a1132-8a15-11ea-8861-fe5e8d8c13b4
  origin/bump-promote-version-9f5526b2-a740-11ea-a064-0a794d45105b
  origin/bump-promote-version-9f6ae166-847e-406b-ba60-ee14c9eb3060
  origin/bump-promote-version-9f8ad3ad-8e43-11ea-8e55-8ecb851f4830
  origin/bump-promote-version-9f9c780c-8a0f-11ea-9028-8c85905f674a
  origin/bump-promote-version-9fd466b8-8ea3-4657-a0cd-4a143a645bd9
  origin/bump-promote-version-a009f89e-b85d-11ea-a047-e6df19dd7e93
  origin/bump-promote-version-a0615165-a1a5-4419-b27d-edcc680de83b
  origin/bump-promote-version-a109e359-bbb0-11ea-9537-560fd83ac55d
  origin/bump-promote-version-a1364645-b84a-11ea-950b-f2fc8a670b7d
  origin/bump-promote-version-a136f6b0-8a19-11ea-9942-8c85905f674a
  origin/bump-promote-version-a172d3a7-8a14-11ea-af43-fe5e8d8c13b4
  origin/bump-promote-version-a22d6506-91d9-11ea-9c20-fa417efdb446
  origin/bump-promote-version-a233bd5c-8a15-11ea-9697-fe5e8d8c13b4
  origin/bump-promote-version-a255488a-b85c-11ea-ab1b-e6df19dd7e93
  origin/bump-promote-version-a2864e93-d679-11ea-a24c-9eddbd80077d
  origin/bump-promote-version-a2e63cdf-b849-11ea-99a5-f2fc8a670b7d
  origin/bump-promote-version-a329d802-8a0f-11ea-8835-8c85905f674a
  origin/bump-promote-version-a3610e1e-8a0d-11ea-a3fe-8c85905f674a
  origin/bump-promote-version-a423ea1e-b482-11ea-9d29-4649db97a44a
  origin/bump-promote-version-a4385275-92c3-4e7f-b57d-ad5efd618e9b
  origin/bump-promote-version-a49bea2b-8a14-11ea-bc9e-fe5e8d8c13b4
  origin/bump-promote-version-a49d8414-b84a-11ea-b1ba-f2fc8a670b7d
  origin/bump-promote-version-a4c62345-8c91-11ea-ae06-f6831e401104
  origin/bump-promote-version-a4dfcab4-bbb0-11ea-9578-560fd83ac55d
  origin/bump-promote-version-a4e473c3-d00c-11ea-b3d0-76ed1bc6c9f1
  origin/bump-promote-version-a56ea0ca-b85d-11ea-939d-e6df19dd7e93
  origin/bump-promote-version-a59c5e15-8a15-11ea-b240-fe5e8d8c13b4
  origin/bump-promote-version-a5ded160-8a19-11ea-bb9d-8c85905f674a
  origin/bump-promote-version-a5df4ebd-fc1a-49a1-9a2f-055fe08b7087
  origin/bump-promote-version-a62b9889-c71c-4c21-b876-df49e154f9ac
  origin/bump-promote-version-a634b445-9391-11ea-a78c-3e7da876ff80
  origin/bump-promote-version-a673f8a8-b849-11ea-8627-f2fc8a670b7d
  origin/bump-promote-version-a6b01783-8bd7-11ea-8aae-ca1430a00dbe
  origin/bump-promote-version-a6df27a8-aff7-4f5b-b50c-ee7661d5cdd2
  origin/bump-promote-version-a6e732ad-d253-11ea-a340-162f3587ac3a
  origin/bump-promote-version-a71225be-8a0f-11ea-b514-8c85905f674a
  origin/bump-promote-version-a7245a74-8a0d-11ea-8050-8c85905f674a
  origin/bump-promote-version-a73f71e0-d08e-11ea-8818-3ec56d28b411
  origin/bump-promote-version-a7b0e644-8a14-11ea-a95f-fe5e8d8c13b4
  origin/bump-promote-version-a7b7e564-a6a2-49dc-aa89-c9fe92e04239
  origin/bump-promote-version-a7f9edb2-dc91-11ea-a01f-5649a2e1a3ae
  origin/bump-promote-version-a842b2d0-b85c-11ea-b1c2-e6df19dd7e93
  origin/bump-promote-version-a856be53-b84a-11ea-a873-f2fc8a670b7d
  origin/bump-promote-version-a866ac9a-8bb1-11ea-8c91-9638ef769247
  origin/bump-promote-version-a866c443-6abf-4515-9b35-72fcf38c940a
  origin/bump-promote-version-a8897718-bbb0-11ea-9bdd-560fd83ac55d
  origin/bump-promote-version-a8c23a79-d334-47fe-a169-4566be9368b3
  origin/bump-promote-version-a8e31f57-8a15-11ea-9cb5-fe5e8d8c13b4
  origin/bump-promote-version-a9e2c0ac-b445-11ea-91e5-eadd720fce9c
  origin/bump-promote-version-aa10db43-b849-11ea-8b92-f2fc8a670b7d
  origin/bump-promote-version-aa22c268-b2cd-11ea-8ac0-66376ba8b164
  origin/bump-promote-version-aa5db14e-b69f-11ea-ae45-9eb89fcda7d5
  origin/bump-promote-version-aa9371fb-a68b-11ea-8314-9ad602e7d087
  origin/bump-promote-version-aab0b11a-91cf-11ea-92c3-82797710fdd3
  origin/bump-promote-version-aac7126e-8a0f-11ea-b6f8-8c85905f674a
  origin/bump-promote-version-aad46fb0-8a0d-11ea-9393-8c85905f674a
  origin/bump-promote-version-aae6eeb8-8a19-11ea-b483-8c85905f674a
  origin/bump-promote-version-aafaf029-8a14-11ea-b692-fe5e8d8c13b4
  origin/bump-promote-version-ab27539f-d3ad-11ea-badd-2e577c445002
  origin/bump-promote-version-ab3a70bf-95b7-11ea-ad20-26408cc2919d
  origin/bump-promote-version-ab3b4e14-d195-11ea-860a-56d29dcb85cc
  origin/bump-promote-version-abaf9e46-b85d-11ea-b96e-e6df19dd7e93
  origin/bump-promote-version-abd8a66a-8a15-11ea-a31a-fe5e8d8c13b4
  origin/bump-promote-version-abfdb6be-b84a-11ea-a644-f2fc8a670b7d
  origin/bump-promote-version-ac38b4e9-38c0-40ec-9765-18e8ec78db87
  origin/bump-promote-version-ac493314-bbb0-11ea-af43-560fd83ac55d
  origin/bump-promote-version-acac78a8-a72b-11ea-b19d-c2a1a8440ab7
  origin/bump-promote-version-acc63876-91bf-11ea-b990-8e77e342c28d
  origin/bump-promote-version-ad633f9f-95bb-11ea-a4c0-263d1ffb4809
  origin/bump-promote-version-ad91b414-b849-11ea-8368-f2fc8a670b7d
  origin/bump-promote-version-ada6b884-b85c-11ea-b116-e6df19dd7e93
  origin/bump-promote-version-add29891-52e5-4b66-a2e6-4121d318d1a3
  origin/bump-promote-version-ae19a14b-a732-11ea-b60e-bad553f65bf7
  origin/bump-promote-version-ae381195-8a14-11ea-b85a-fe5e8d8c13b4
  origin/bump-promote-version-ae7ab316-8a0f-11ea-8489-8c85905f674a
  origin/bump-promote-version-aea6fb58-8a0d-11ea-9168-8c85905f674a
  origin/bump-promote-version-aefe416e-8a15-11ea-8c1f-fe5e8d8c13b4
  origin/bump-promote-version-af03398e-8a19-11ea-8f66-8c85905f674a
  origin/bump-promote-version-af816ab9-b84a-11ea-b0c0-f2fc8a670b7d
  origin/bump-promote-version-afcc8133-f35b-4e4b-a324-796635358942
  origin/bump-promote-version-b00136e7-bbb0-11ea-97f5-560fd83ac55d
  origin/bump-promote-version-b0cef680-f533-4ab1-a830-f86044dd81a6
  origin/bump-promote-version-b1264ac8-b849-11ea-bda4-f2fc8a670b7d
  origin/bump-promote-version-b1482486-b85d-11ea-86a9-e6df19dd7e93
  origin/bump-promote-version-b14e8cd5-8a14-11ea-9149-fe5e8d8c13b4
  origin/bump-promote-version-b1e3ca71-b85b-11ea-9f27-e6df19dd7e93
  origin/bump-promote-version-b202623c-dd6c-11ea-96d8-ceb6f9b519a1
  origin/bump-promote-version-b2121141-8a15-11ea-9eb0-fe5e8d8c13b4
  origin/bump-promote-version-b26fa53a-8a0f-11ea-a38e-8c85905f674a
  origin/bump-promote-version-b288e865-d00d-11ea-b2d1-fa215b77dbdb
  origin/bump-promote-version-b2f445f8-8a0d-11ea-9131-8c85905f674a
  origin/bump-promote-version-b2fbba1d-b84a-11ea-b6dc-f2fc8a670b7d
  origin/bump-promote-version-b3896744-8a19-11ea-8a90-8c85905f674a
  origin/bump-promote-version-b3bf39f8-bbb0-11ea-baa3-560fd83ac55d
  origin/bump-promote-version-b3de7c5e-b85c-11ea-9962-e6df19dd7e93
  origin/bump-promote-version-b46e1a1e-8a14-11ea-9eaa-fe5e8d8c13b4
  origin/bump-promote-version-b4da94c9-b849-11ea-8b54-f2fc8a670b7d
  origin/bump-promote-version-b5219620-8a15-11ea-9b99-fe5e8d8c13b4
  origin/bump-promote-version-b52d5544-b6f2-11ea-a48d-a6dcf30c4a62
  origin/bump-promote-version-b5f9e3a1-bf0f-4e3f-ae91-0452fe94cd25
  origin/bump-promote-version-b68724e0-b84a-11ea-ab78-f2fc8a670b7d
  origin/bump-promote-version-b6c126f6-b85d-11ea-8da0-e6df19dd7e93
  origin/bump-promote-version-b6ee31c1-bfb8-4135-96bd-addfcf78a8ce
  origin/bump-promote-version-b744b556-8a18-11ea-88bb-8c85905f674a
  origin/bump-promote-version-b76783c7-8a14-11ea-93ad-fe5e8d8c13b4
  origin/bump-promote-version-b7a21ffe-b85b-11ea-a2de-e6df19dd7e93
  origin/bump-promote-version-b7ac9526-8a19-11ea-80fb-8c85905f674a
  origin/bump-promote-version-b7c15655-bbb0-11ea-8bd2-560fd83ac55d
  origin/bump-promote-version-b7e07457-f13a-4155-b44e-c11dd4fa9b79
  origin/bump-promote-version-b80abccd-d674-11ea-85c1-d2a68858960e
  origin/bump-promote-version-b852c6b9-b849-11ea-aafd-f2fc8a670b7d
  origin/bump-promote-version-b880933d-d182-11ea-9595-8656b3ba721a
  origin/bump-promote-version-b8bbf268-dbc9-11ea-9976-0ed7daebff1b
  origin/bump-promote-version-b8d8c563-8a15-11ea-86d6-fe5e8d8c13b4
  origin/bump-promote-version-b99c63f8-b85c-11ea-b26d-e6df19dd7e93
  origin/bump-promote-version-ba345f8a-b84a-11ea-9be4-f2fc8a670b7d
  origin/bump-promote-version-ba9bab93-8a14-11ea-9e80-fe5e8d8c13b4
  origin/bump-promote-version-bb28f7c5-fd24-4fa7-ab0f-2dd013b44975
  origin/bump-promote-version-bbbbb0dd-b849-11ea-ad58-f2fc8a670b7d
  origin/bump-promote-version-bc036e81-b6b4-11ea-929c-625df0ff9275
  origin/bump-promote-version-bc14e10c-b85d-11ea-be2f-e6df19dd7e93
  origin/bump-promote-version-bc1ff5b8-8a18-11ea-9a3c-8c85905f674a
  origin/bump-promote-version-bc62877b-8a15-11ea-891c-fe5e8d8c13b4
  origin/bump-promote-version-bc70c7d3-bbb0-11ea-81ba-560fd83ac55d
  origin/bump-promote-version-bcab5bcd-b2c2-11ea-a31c-722c9ed944cb
  origin/bump-promote-version-bd04e118-b85b-11ea-bf8d-e6df19dd7e93
  origin/bump-promote-version-bd4ca5de-8a19-11ea-82a7-8c85905f674a
  origin/bump-promote-version-bd9185bc-8a1b-11ea-b6b4-8c85905f674a
  origin/bump-promote-version-bdb48175-b84a-11ea-a19d-f2fc8a670b7d
  origin/bump-promote-version-be5872eb-8a14-11ea-962c-fe5e8d8c13b4
  origin/bump-promote-version-bf123827-b85c-11ea-8d48-e6df19dd7e93
  origin/bump-promote-version-bf479118-8b82-11ea-8a5d-2ed9fbe5595b
  origin/bump-promote-version-bfc90a8d-b849-11ea-ae92-f2fc8a670b7d
  origin/bump-promote-version-bfe9e08e-8ba6-11ea-b1b8-120a0ee5d07a
  origin/bump-promote-version-c00e4064-8a15-11ea-89d3-fe5e8d8c13b4
  origin/bump-promote-version-c026729d-bbb0-11ea-9aa1-560fd83ac55d
  origin/bump-promote-version-c05336e0-8a18-11ea-b84b-8c85905f674a
  origin/bump-promote-version-c1426bca-4d7f-471b-ba44-d9b5ec298d88
  origin/bump-promote-version-c1730fd3-b84a-11ea-879a-f2fc8a670b7d
  origin/bump-promote-version-c1d2c138-8a19-11ea-8e08-8c85905f674a
  origin/bump-promote-version-c216ecc1-8a14-11ea-b102-fe5e8d8c13b4
  origin/bump-promote-version-c22b8080-b174-11ea-a49e-364d7965e0ac
  origin/bump-promote-version-c283af9f-b85d-11ea-8d47-e6df19dd7e93
  origin/bump-promote-version-c297eac6-b85b-11ea-85ef-e6df19dd7e93
  origin/bump-promote-version-c340d0f2-8a15-11ea-8507-fe5e8d8c13b4
  origin/bump-promote-version-c3831d96-b849-11ea-be52-f2fc8a670b7d
  origin/bump-promote-version-c3e2b34f-f9cc-4447-93fe-237f6414f22d
  origin/bump-promote-version-c43f2dd2-bbb0-11ea-acb8-560fd83ac55d
  origin/bump-promote-version-c4cd87c9-b85c-11ea-a023-e6df19dd7e93
  origin/bump-promote-version-c4f65aa8-b84a-11ea-a9d1-f2fc8a670b7d
  origin/bump-promote-version-c5124ffe-8a18-11ea-9ba0-8c85905f674a
  origin/bump-promote-version-c58907b8-8a14-11ea-82ba-fe5e8d8c13b4
  origin/bump-promote-version-c5d48df1-e046-11ea-9972-76052422ef47
  origin/bump-promote-version-c64fd3f8-8a10-11ea-8f40-8c85905f674a
  origin/bump-promote-version-c738b77d-b849-11ea-83f1-f2fc8a670b7d
  origin/bump-promote-version-c7942c7e-8a19-11ea-96b3-8c85905f674a
  origin/bump-promote-version-c7b288e9-8b8f-11ea-88fc-92718d799025
  origin/bump-promote-version-c7d6ea5c-b85d-11ea-9e76-e6df19dd7e93
  origin/bump-promote-version-c8844ae0-b84a-11ea-b456-f2fc8a670b7d
  origin/bump-promote-version-c88c25a6-b85b-11ea-95b4-e6df19dd7e93
  origin/bump-promote-version-c8bb832e-8a14-11ea-8760-fe5e8d8c13b4
  origin/bump-promote-version-c9205530-bbb0-11ea-ae11-560fd83ac55d
  origin/bump-promote-version-c9ffd252-8a18-11ea-a03f-8c85905f674a
  origin/bump-promote-version-ca6fa8d8-b85c-11ea-b2ac-e6df19dd7e93
  origin/bump-promote-version-caacb55b-b849-11ea-a99e-f2fc8a670b7d
  origin/bump-promote-version-cafb0d52-bbaf-11ea-a94a-560fd83ac55d
  origin/bump-promote-version-cb3f8851-b155-11ea-b50a-c684a50ab4fa
  origin/bump-promote-version-cb651494-d733-11ea-a642-4ecc05d81413
  origin/bump-promote-version-cc0aba2a-8a19-11ea-ba93-8c85905f674a
  origin/bump-promote-version-cc2cbaab-b84a-11ea-8982-f2fc8a670b7d
  origin/bump-promote-version-cc44df76-8a14-11ea-a632-fe5e8d8c13b4
  origin/bump-promote-version-ccd677a5-bbb0-11ea-9a80-560fd83ac55d
  origin/bump-promote-version-cd8c7891-a634-11ea-9b40-164ef6ea108d
  origin/bump-promote-version-cdaacabe-b85d-11ea-bf35-e6df19dd7e93
  origin/bump-promote-version-ce0cdaa9-8e99-11ea-a2ed-deb32727f893
  origin/bump-promote-version-ce2fdb58-b849-11ea-a526-f2fc8a670b7d
  origin/bump-promote-version-ce670734-8a18-11ea-91da-8c85905f674a
  origin/bump-promote-version-cebccac1-bbaf-11ea-80b7-560fd83ac55d
  origin/bump-promote-version-cec0f708-9511-11ea-b5ea-06561a598aa1
  origin/bump-promote-version-cee81dfe-b85b-11ea-bcde-e6df19dd7e93
  origin/bump-promote-version-cf868985-8a14-11ea-bfce-fe5e8d8c13b4
  origin/bump-promote-version-cf8a2dff-2a94-4c8c-858b-ff5ce08da8d9
  origin/bump-promote-version-cff8f9ff-b84a-11ea-a601-f2fc8a670b7d
  origin/bump-promote-version-d08fe5ac-8a19-11ea-9a2e-8c85905f674a
  origin/bump-promote-version-d0958dec-b85c-11ea-89b4-e6df19dd7e93
  origin/bump-promote-version-d1214dfd-bbb0-11ea-afef-560fd83ac55d
  origin/bump-promote-version-d1409aeb-60de-483a-8dc4-21aad0c72ea5
  origin/bump-promote-version-d17642e2-93b5-11ea-b348-8224c5550a80
  origin/bump-promote-version-d1a5ae81-93bc-11ea-91af-6e6a470f5501
  origin/bump-promote-version-d1ea67a1-dc9f-11ea-8f43-e6cb31356652
  origin/bump-promote-version-d202ea88-b849-11ea-aefb-f2fc8a670b7d
  origin/bump-promote-version-d28e78ae-8a14-11ea-8bde-fe5e8d8c13b4
  origin/bump-promote-version-d2a0f76d-bbaf-11ea-9c01-560fd83ac55d
  origin/bump-promote-version-d2a549f8-b16f-11ea-90d3-de9d4b30a630
  origin/bump-promote-version-d31409fb-9a8e-11ea-ad11-cadadd22091d
  origin/bump-promote-version-d32ad048-8a18-11ea-ae7a-8c85905f674a
  origin/bump-promote-version-d38d5126-b85d-11ea-b8e6-e6df19dd7e93
  origin/bump-promote-version-d39304dd-b84a-11ea-a436-f2fc8a670b7d
  origin/bump-promote-version-d46aa72e-def1-11ea-9b1c-221c46995cbf
  origin/bump-promote-version-d4aa32bf-b85b-11ea-93f5-e6df19dd7e93
  origin/bump-promote-version-d4b15aa6-bbb0-11ea-abab-560fd83ac55d
  origin/bump-promote-version-d4d20bf4-8a19-11ea-b266-8c85905f674a
  origin/bump-promote-version-d55ac072-8bcb-11ea-a6cb-3ac6576f08c8
  origin/bump-promote-version-d59f3ad0-b849-11ea-856b-f2fc8a670b7d
  origin/bump-promote-version-d5e694d3-8a14-11ea-a35d-fe5e8d8c13b4
  origin/bump-promote-version-d640d47b-b85c-11ea-93a8-e6df19dd7e93
  origin/bump-promote-version-d6ab111f-bbaf-11ea-9795-560fd83ac55d
  origin/bump-promote-version-d712ff5b-b84a-11ea-b991-f2fc8a670b7d
  origin/bump-promote-version-d74787fc-8a18-11ea-920c-8c85905f674a
  origin/bump-promote-version-d7fa9b09-b16e-11ea-90e2-f6f9ed5b729d
  origin/bump-promote-version-d8204ad3-22cf-4aa5-b97a-0adfd37e3004
  origin/bump-promote-version-d911c68e-b849-11ea-953d-f2fc8a670b7d
  origin/bump-promote-version-d91f81d0-8a14-11ea-8633-fe5e8d8c13b4
  origin/bump-promote-version-d92fe628-b85d-11ea-a9e2-e6df19dd7e93
  origin/bump-promote-version-d9330f4c-de47-11ea-b824-8e1d52a07d38
  origin/bump-promote-version-d96a6a12-bbb0-11ea-8c73-560fd83ac55d
  origin/bump-promote-version-d9b8cafe-8a19-11ea-8723-8c85905f674a
  origin/bump-promote-version-da5ffa78-b85b-11ea-807d-e6df19dd7e93
  origin/bump-promote-version-da73ef38-b84a-11ea-bced-f2fc8a670b7d
  origin/bump-promote-version-da90410d-7ddc-4b91-89d5-b3ed7a7ab300
  origin/bump-promote-version-db6c3d5f-bbaf-11ea-8c8b-560fd83ac55d
  origin/bump-promote-version-db93829b-07a5-45b1-b8fa-fd10ab47855c
  origin/bump-promote-version-dc0317c0-8a18-11ea-8de7-8c85905f674a
  origin/bump-promote-version-dc09d96e-8a14-11ea-8029-fe5e8d8c13b4
  origin/bump-promote-version-dc18f678-b85c-11ea-bc70-e6df19dd7e93
  origin/bump-promote-version-dc8df994-9417-11ea-918b-4a2ce3046777
  origin/bump-promote-version-dcaa12f8-b849-11ea-8b65-f2fc8a670b7d
  origin/bump-promote-version-dd22fa65-bbb0-11ea-b408-560fd83ac55d
  origin/bump-promote-version-de12c692-b84a-11ea-ac13-f2fc8a670b7d
  origin/bump-promote-version-dec89fba-8a19-11ea-84c9-8c85905f674a
  origin/bump-promote-version-df0544a4-b85d-11ea-8fae-e6df19dd7e93
  origin/bump-promote-version-df7476a5-8a14-11ea-a999-fe5e8d8c13b4
  origin/bump-promote-version-df806f38-bbaf-11ea-9260-560fd83ac55d
  origin/bump-promote-version-dfcb56ab-4e1c-4f84-82ae-fc25e79cedca
  origin/bump-promote-version-e028ee87-b849-11ea-9b91-f2fc8a670b7d
  origin/bump-promote-version-e04fc827-b85b-11ea-930a-e6df19dd7e93
  origin/bump-promote-version-e0640791-d6f4-11ea-ba7d-e6d119257683
  origin/bump-promote-version-e123a405-bbb0-11ea-afbc-560fd83ac55d
  origin/bump-promote-version-e1463780-8a18-11ea-8e57-8c85905f674a
  origin/bump-promote-version-e1a5330d-b84a-11ea-8055-f2fc8a670b7d
  origin/bump-promote-version-e1f7bd56-b85c-11ea-89ef-e6df19dd7e93
  origin/bump-promote-version-e2bde9c7-a22f-461a-9075-6d2e34322745
  origin/bump-promote-version-e343af39-8a14-11ea-89be-fe5e8d8c13b4
  origin/bump-promote-version-e38e0b4e-bbaf-11ea-ad7d-560fd83ac55d
  origin/bump-promote-version-e3a2cfe1-b849-11ea-bff3-f2fc8a670b7d
  origin/bump-promote-version-e422ecb1-93c1-11ea-adb5-82838f81a732
  origin/bump-promote-version-e44e92de-fab0-4d14-9164-5467ac63ff61
  origin/bump-promote-version-e4706241-940b-46db-93a7-ca1669f827ff
  origin/bump-promote-version-e52ab9a9-b84a-11ea-8706-f2fc8a670b7d
  origin/bump-promote-version-e53a0d76-8a18-11ea-88a1-8c85905f674a
  origin/bump-promote-version-e53dcc2c-bbb0-11ea-a1df-560fd83ac55d
  origin/bump-promote-version-e59f5de8-b85d-11ea-9510-e6df19dd7e93
  origin/bump-promote-version-e62330b4-b85b-11ea-87c0-e6df19dd7e93
  origin/bump-promote-version-e6b16d20-8a14-11ea-af3e-fe5e8d8c13b4
  origin/bump-promote-version-e6db858e-dedd-11ea-a975-e25f7bfb0b9e
  origin/bump-promote-version-e72c5eea-b849-11ea-a494-f2fc8a670b7d
  origin/bump-promote-version-e76d6190-e08e-11ea-ad80-6a18c4597c14
  origin/bump-promote-version-e774767e-d168-11ea-a894-5ee1296ec4d3
  origin/bump-promote-version-e7d3eb5c-b85c-11ea-82c2-e6df19dd7e93
  origin/bump-promote-version-e7dcf4d8-bbaf-11ea-809e-560fd83ac55d
  origin/bump-promote-version-e8008bf8-f50b-4a06-8e32-495803cb3b7c
  origin/bump-promote-version-e908087d-bbb0-11ea-96f8-560fd83ac55d
  origin/bump-promote-version-e90ded94-8dd2-11ea-a3cf-4e12aad87eb7
  origin/bump-promote-version-e93b5f5f-b84a-11ea-b290-f2fc8a670b7d
  origin/bump-promote-version-e9430432-8dc2-11ea-8350-6e409bde3971
  origin/bump-promote-version-ea3962f6-9472-11ea-acf2-b28411c0d435
  origin/bump-promote-version-ea3b6817-8a14-11ea-a2f9-fe5e8d8c13b4
  origin/bump-promote-version-ea8f3594-8a18-11ea-be75-8c85905f674a
  origin/bump-promote-version-eaf77f1b-b849-11ea-aef9-f2fc8a670b7d
  origin/bump-promote-version-eb2a3d31-b85d-11ea-9f75-e6df19dd7e93
  origin/bump-promote-version-eb7ab263-de4c-11ea-902b-2e8fd5a4a9b0
  origin/bump-promote-version-eb9fdb47-8e2e-11ea-a2e8-baf290318c53
  origin/bump-promote-version-ebd77bc1-b85b-11ea-a654-e6df19dd7e93
  origin/bump-promote-version-ec386acd-d702-11ea-ba06-5ec2f71c94e1
  origin/bump-promote-version-ece802be-bbb0-11ea-a0f4-560fd83ac55d
  origin/bump-promote-version-ed03bd90-b84a-11ea-91f6-f2fc8a670b7d
  origin/bump-promote-version-ed0d5693-bbaf-11ea-bbb9-560fd83ac55d
  origin/bump-promote-version-ed0ef1da-b85c-11ea-8991-e6df19dd7e93
  origin/bump-promote-version-ed578ef4-8a14-11ea-998a-fe5e8d8c13b4
  origin/bump-promote-version-edbb9fc0-8a1b-11ea-89dc-8c85905f674a
  origin/bump-promote-version-ee9cc106-b849-11ea-9614-f2fc8a670b7d
  origin/bump-promote-version-ef0ed638-8a18-11ea-af84-8c85905f674a
  origin/bump-promote-version-ef38019c-9908-11ea-91e5-8620c502a929
  origin/bump-promote-version-ef8b376e-d735-11ea-96b6-eed9e9550821
  origin/bump-promote-version-efa41890-9083-11ea-8328-066b4e8986e1
  origin/bump-promote-version-f054f7ba-b85d-11ea-8787-e6df19dd7e93
  origin/bump-promote-version-f07e3a3a-f0b9-464d-a5c9-34ab513db2f9
  origin/bump-promote-version-f08ec0d7-b6bb-11ea-aa5e-9e2b5b0b29db
  origin/bump-promote-version-f098468f-b84a-11ea-b952-f2fc8a670b7d
  origin/bump-promote-version-f0aa83ec-8a14-11ea-9ae1-fe5e8d8c13b4
  origin/bump-promote-version-f0c77c1c-bbb0-11ea-a6e9-560fd83ac55d
  origin/bump-promote-version-f16ae441-b85b-11ea-ae47-e6df19dd7e93
  origin/bump-promote-version-f1c1c217-ab1a-11ea-9588-96cc7ab569a6
  origin/bump-promote-version-f1d3e208-b480-11ea-8652-6afb77fb7924
  origin/bump-promote-version-f1ec0292-df59-4d74-8faa-66fd24dade67
  origin/bump-promote-version-f1f7fc4e-bbaf-11ea-ad5d-560fd83ac55d
  origin/bump-promote-version-f21af236-b849-11ea-a767-f2fc8a670b7d
  origin/bump-promote-version-f24ba5f5-6c84-4c91-be8d-7f62e30df5f6
  origin/bump-promote-version-f27a8c8f-d008-11ea-b2fc-72305a9dfda8
  origin/bump-promote-version-f2a2f9d5-d288-11ea-be8e-a263f267349b
  origin/bump-promote-version-f2adf258-8a1b-11ea-9265-8c85905f674a
  origin/bump-promote-version-f2b8a8d1-80e4-4c9a-a53e-e186e3ee5f1e
  origin/bump-promote-version-f2bd30fc-d4d7-4abe-9c7c-f2a04c3755af
  origin/bump-promote-version-f2cfdd1d-b85c-11ea-a23a-e6df19dd7e93
  origin/bump-promote-version-f35d9ec2-8a18-11ea-988e-8c85905f674a
  origin/bump-promote-version-f37efd66-8a14-11ea-b6a0-fe5e8d8c13b4
  origin/bump-promote-version-f475dcc8-b84a-11ea-a8b6-f2fc8a670b7d
  origin/bump-promote-version-f4db3e58-bbb0-11ea-b74a-560fd83ac55d
  origin/bump-promote-version-f5451042-a763-11ea-a6b8-725646a950e7
  origin/bump-promote-version-f58cdd5f-2e90-4739-9b0b-0c32819ac662
  origin/bump-promote-version-f58d1996-b849-11ea-b450-f2fc8a670b7d
  origin/bump-promote-version-f5ed4651-bbaf-11ea-99b3-560fd83ac55d
  origin/bump-promote-version-f60647d5-def4-11ea-bac6-526f2f699b55
  origin/bump-promote-version-f69ea1db-b85b-11ea-86de-e6df19dd7e93
  origin/bump-promote-version-f6b7a1ae-b85d-11ea-9df0-e6df19dd7e93
  origin/bump-promote-version-f6c948f1-8a14-11ea-9185-fe5e8d8c13b4
  origin/bump-promote-version-f6d5475a-8a1b-11ea-bd4c-8c85905f674a
  origin/bump-promote-version-f733a69a-aa63-11ea-8464-86bed43e928a
  origin/bump-promote-version-f75e0bc3-de11-11ea-856c-422382aa9bd2
  origin/bump-promote-version-f7b0cf30-8a18-11ea-b170-8c85905f674a
  origin/bump-promote-version-f8586d31-b84a-11ea-8460-f2fc8a670b7d
  origin/bump-promote-version-f86549b5-8dd3-11ea-b997-62086826fb7f
  origin/bump-promote-version-f8a31e4b-c1cc-4a41-9a6d-fae4417dd366
  origin/bump-promote-version-f8b585dd-bbb0-11ea-86ea-560fd83ac55d
  origin/bump-promote-version-f8f0928c-b849-11ea-a24b-f2fc8a670b7d
  origin/bump-promote-version-f9d95dfc-b85c-11ea-995a-e6df19dd7e93
  origin/bump-promote-version-f9f6fd85-bbaf-11ea-a734-560fd83ac55d
  origin/bump-promote-version-f9f7113f-e05c-11ea-a8e7-02b2506d25ce
  origin/bump-promote-version-fa192d9d-8a14-11ea-b120-fe5e8d8c13b4
  origin/bump-promote-version-fa8a8491-9435-11ea-9156-fadcd25f6338
  origin/bump-promote-version-faa536af-ba4b-425b-8e97-2d893fcaf9e7
  origin/bump-promote-version-fb72cb48-8a1b-11ea-9081-8c85905f674a
  origin/bump-promote-version-fb74b61e-de56-11ea-a952-f6a19054024a
  origin/bump-promote-version-fb78c163-9083-11ea-967b-967f43fefd49
  origin/bump-promote-version-fb9a27b1-8acf-11ea-b449-fa5cff4228c7
  origin/bump-promote-version-fc0af269-b84a-11ea-bbca-f2fc8a670b7d
  origin/bump-promote-version-fc3bdc78-b85b-11ea-9a67-e6df19dd7e93
  origin/bump-promote-version-fc798eb6-bbb0-11ea-ae4c-560fd83ac55d
  origin/bump-promote-version-fcaf4cc5-dc68-11ea-a282-def4989febab
  origin/bump-promote-version-fce11b35-8a14-11ea-937b-fe5e8d8c13b4
  origin/bump-promote-version-fcf1df44-b85d-11ea-bcbc-e6df19dd7e93
  origin/bump-promote-version-fd17c6a7-8b77-11ea-83a3-d2aa03445435
  origin/bump-promote-version-fd440570-8a18-11ea-8c28-8c85905f674a
  origin/bump-promote-version-fda42f27-b849-11ea-8b51-f2fc8a670b7d
  origin/bump-promote-version-fdb3dca2-bbaf-11ea-a1b8-560fd83ac55d
  origin/bump-promote-version-fdcdf9a7-b49a-11ea-9d72-c2cc6d3ecb55
  origin/bump-promote-version-fe3cd254-23f7-46aa-9150-e0fdec15c318
  origin/bump-promote-version-fe5a2783-f337-4983-a524-835705fca9f6
  origin/bump-promote-version-fef70481-95eb-11ea-a938-da7caf13f428
  origin/bump-promote-version-ff32a7f1-d595-11ea-bb7e-f2b63d676fb1
  origin/bump-promote-version-ff6ce631-81d7-481e-a3c7-788d5693f84f
  origin/bump-promote-version-ff9174cd-b84a-11ea-afd4-f2fc8a670b7d
  origin/bump-promote-version-ffa40c53-b85c-11ea-a36a-e6df19dd7e93
  origin/bump-regex-version-02a67147-ba29-11ea-afea-2688f063b5ac
  origin/bump-regex-version-02ed2b1c-a425-11ea-95b8-66354f2125a1
  origin/bump-regex-version-0344a0e7-893f-11ea-a814-e27833890e56
  origin/bump-regex-version-0439b275-bbb9-11ea-be50-724ad5712be2
  origin/bump-regex-version-04d56983-848e-11ea-93c5-be5e61391916
  origin/bump-regex-version-06241876-c748-11ea-9680-069816f7faed
  origin/bump-regex-version-0a8b495a-bc39-11ea-b00a-be278c826358
  origin/bump-regex-version-0bd0927f-2b96-43ab-958e-bb1c56dc40ef
  origin/bump-regex-version-0bea54c3-bc39-11ea-a255-06586ac68473
  origin/bump-regex-version-0c34b493-e777-4835-8c8d-2b4f153f61d4
  origin/bump-regex-version-0d0d01e0-bd0a-11ea-a044-6eafa7036c84
  origin/bump-regex-version-0d676d76-c4fa-11ea-97ab-7ac0d24b91fd
  origin/bump-regex-version-0f03f27f-8181-412b-8925-ddb5023ad825
  origin/bump-regex-version-124ebb20-c8c7-11ea-bda1-5e6ebedc0a0b
  origin/bump-regex-version-164411e3-f2b5-4c46-a0a9-10daf2aebb9d
  origin/bump-regex-version-17d49a37-c524-11ea-b156-be0fbf85907a
  origin/bump-regex-version-1b75abff-bc28-11ea-86e1-e6e2f4e171a7
  origin/bump-regex-version-1ccb1a3d-d377-11ea-844c-fadcf699d061
  origin/bump-regex-version-1d51b966-82d0-11ea-85a8-acde48001122
  origin/bump-regex-version-1ddc3566-e044-11ea-abb9-9eeb6224cb2a
  origin/bump-regex-version-209be3a8-c77e-11ea-b4b2-c65a5e9d0a53
  origin/bump-regex-version-21790cce-84ec-11ea-bd00-ae6a99562579
  origin/bump-regex-version-23409dcc-8940-11ea-89d7-92f42c41ea2a
  origin/bump-regex-version-27c9c96c-93bb-11ea-8a29-ba289128ca23
  origin/bump-regex-version-297525ba-c822-490d-9f83-5c39f2a74acb
  origin/bump-regex-version-2a128ab6-82d2-11ea-b43f-acde48001122
  origin/bump-regex-version-2bf7b24e-bd0d-11ea-8d15-7ec3bbc60260
  origin/bump-regex-version-2c8008fb-c8b4-11ea-9779-aef6b3f732fd
  origin/bump-regex-version-2f689d24-8dd7-11ea-baeb-0e583aedecac
  origin/bump-regex-version-30837627-b0bb-11ea-b42a-ce44fb2b91f9
  origin/bump-regex-version-309b93b3-b4aa-11ea-a2ac-ae0e81f89a03
  origin/bump-regex-version-30c3f2a5-d730-11ea-a36d-6abef62cba80
  origin/bump-regex-version-31eed9a3-f2a1-4c64-b436-e222d0afdddd
  origin/bump-regex-version-343e2602-488c-4d90-bfaf-562a424fce87
  origin/bump-regex-version-3677dd66-c50b-11ea-bc69-ba72b9730def
  origin/bump-regex-version-375805ff-89d8-11ea-8055-baa835cf1036
  origin/bump-regex-version-37fdbc58-84cb-11ea-9f92-ba6ff019c59b
  origin/bump-regex-version-393ffc61-ba1e-11ea-997e-ceb5e1959c38
  origin/bump-regex-version-42bd6729-8943-11ea-a9d1-a279e34ba400
  origin/bump-regex-version-444a3ce1-b05a-11ea-a81c-0ed89e15cc71
  origin/bump-regex-version-4469b341-b83a-11ea-951a-1a2cfaa3af98
  origin/bump-regex-version-480bb4de-84cb-11ea-ad7f-ba6ff019c59b
  origin/bump-regex-version-4be3c372-82d1-11ea-b67e-acde48001122
  origin/bump-regex-version-4ea5d14e-82d2-11ea-ad60-acde48001122
  origin/bump-regex-version-4eeeef90-8b1f-4f68-992c-9441a51e9212
  origin/bump-regex-version-5238099d-81a4-11ea-96e7-da093ab5367a
  origin/bump-regex-version-54770521-c5c6-11ea-a4b8-da7275d8da35
  origin/bump-regex-version-55969623-c189-4446-9f94-f27f51d53d9f
  origin/bump-regex-version-55e5e5b8-d2fb-11ea-8d36-921c2ce9b83b
  origin/bump-regex-version-59c517fc-c726-11ea-81cc-32f0ed1fe6fe
  origin/bump-regex-version-5a27c250-227a-4d84-8012-5018fe1a0d61
  origin/bump-regex-version-5a5b7511-ae9c-4baa-917e-bb9ebe30a9b7
  origin/bump-regex-version-5cf8a0c1-e51f-4510-a6c8-367edc7d63ff
  origin/bump-regex-version-5dd99f42-c765-11ea-9a0f-2e049c9353d0
  origin/bump-regex-version-5e271077-4307-445b-bbff-b8328069fcef
  origin/bump-regex-version-5f2110aa-e05a-11ea-a12b-52547d691508
  origin/bump-regex-version-5fb2a66b-c59c-11ea-bdbd-c28bc1787b14
  origin/bump-regex-version-61d635b5-80ef-11ea-b504-6a06b3819a0a
  origin/bump-regex-version-63e83e4f-e066-11ea-90e5-7a7d89eee653
  origin/bump-regex-version-663d277f-de0f-11ea-800c-1efcc0df369b
  origin/bump-regex-version-66d59543-bd06-11ea-89eb-fe8077d7f8ed
  origin/bump-regex-version-685fd8fe-0402-465a-bdf4-39984fd9e8e5
  origin/bump-regex-version-697f5eb1-2de8-425a-a99c-e379d40d7406
  origin/bump-regex-version-6a2b578a-c4fe-11ea-bb16-b28cbbd96fdb
  origin/bump-regex-version-6a7ced7a-b558-11ea-8a19-0ab9024c5e7d
  origin/bump-regex-version-6b9626b3-c4f6-11ea-8e67-b2546ce868d0
  origin/bump-regex-version-6e3f9a4d-d02c-11ea-a134-a623afc972c0
  origin/bump-regex-version-71760534-b862-11ea-bf43-3e8101558bae
  origin/bump-regex-version-7432f676-bbad-11ea-aff0-76044a3ebfb5
  origin/bump-regex-version-78a26c66-83d8-11ea-b1b8-2a8a8a77dee6
  origin/bump-regex-version-7a73ed85-8d22-11ea-a8c8-1ed9163a329a
  origin/bump-regex-version-7aacc230-dd28-11ea-8fe9-5e1bc05cc5f0
  origin/bump-regex-version-7b1e328f-8497-11ea-8122-eef09100fe08
  origin/bump-regex-version-7b732891-b51c-11ea-a807-56af93e7215e
  origin/bump-regex-version-8269cad8-c80a-11ea-a22e-6a7dcbfc66da
  origin/bump-regex-version-83145271-bf86-11ea-a79f-ba6b2b7da3cf
  origin/bump-regex-version-85a6e7a0-82d2-11ea-8079-acde48001122
  origin/bump-regex-version-85e6f1f3-433a-4467-9e3b-de68117148f9
  origin/bump-regex-version-8658e018-bc66-11ea-86db-5605dfa99307
  origin/bump-regex-version-86f008f6-dd49-11ea-a497-a6e3d0f1ec5d
  origin/bump-regex-version-8762a498-e7d9-481c-9796-716558efccc3
  origin/bump-regex-version-8c683649-9181-40fb-8251-1069f635182c
  origin/bump-regex-version-8d43299f-8307-11ea-b3c8-8e70f43cab1b
  origin/bump-regex-version-8f1d90d7-c5c0-11ea-82dd-f605e9fd2a65
  origin/bump-regex-version-8f4a0af0-af04-11ea-b190-ba0eb1a7798f
  origin/bump-regex-version-928492fe-bb91-11ea-8842-22ca9278793f
  origin/bump-regex-version-92de7e1e-baac-11ea-bb2e-06ed2c88cd25
  origin/bump-regex-version-93070cd0-8941-11ea-9590-7607c85ba291
  origin/bump-regex-version-949b2f7f-d1d9-11ea-94fc-6216879e4f1a
  origin/bump-regex-version-95416f67-757f-474b-8362-7b377cd3d2fe
  origin/bump-regex-version-963cfad3-8496-11ea-9c29-62bf901d7fca
  origin/bump-regex-version-96f264ea-d09b-11ea-a9fd-2e687c2fc9f2
  origin/bump-regex-version-9758493c-8e8f-11ea-af0c-1aefd869ff97
  origin/bump-regex-version-979917e4-bc31-11ea-96ef-22a23ba06025
  origin/bump-regex-version-98537aae-1104-4a0e-ae92-48f99b7af5cd
  origin/bump-regex-version-98a6daf6-8302-11ea-90da-acde48001122
  origin/bump-regex-version-99368515-b496-11ea-b0d4-0270834edae7
  origin/bump-regex-version-9a6e5cb1-b086-11ea-9e6a-1658c6d73226
  origin/bump-regex-version-9c5861e5-b83f-11ea-8a76-1a8b9f0192c3
  origin/bump-regex-version-9dd46291-9619-4814-b013-abc481d77a54
  origin/bump-regex-version-a3dd3ff2-db01-11ea-a5e4-b245285c0ac5
  origin/bump-regex-version-a54ff39f-6e8d-4e81-b3cc-524972c3217c
  origin/bump-regex-version-a60e35bc-82d1-11ea-8f85-acde48001122
  origin/bump-regex-version-a6134897-df83-11ea-a11f-42d11a4d431c
  origin/bump-regex-version-a8694722-c7eb-11ea-a518-86b44b13c1c4
  origin/bump-regex-version-ad2361d8-82d1-11ea-bf9f-acde48001122
  origin/bump-regex-version-ad322379-5b8e-437f-8c3e-9ac12bb1cf42
  origin/bump-regex-version-ad663e99-aee8-11ea-832f-827db4523e65
  origin/bump-regex-version-ae7f3e46-84f5-11ea-b1e7-6ebfb0b77067
  origin/bump-regex-version-af288688-bd26-11ea-8e8b-46345f43ec38
  origin/bump-regex-version-afef6d77-bd5e-11ea-98f2-7e4ee75b62fc
  origin/bump-regex-version-b4517bac-82d1-11ea-acc8-acde48001122
  origin/bump-regex-version-b4c45994-a75f-11ea-98f2-f6d99f72819b
  origin/bump-regex-version-b6a7d5be-dd34-11ea-95aa-c6d16d3fe2ea
  origin/bump-regex-version-b6abc135-c593-11ea-afbf-0e621eaab817
  origin/bump-regex-version-b7e91e51-c510-11ea-9495-7ae472e5742a
  origin/bump-regex-version-b8a26e99-bc2c-11ea-93f4-ee5d11e8da80
  origin/bump-regex-version-bc6a3a9d-bd41-11ea-b352-0a6db9273e7c
  origin/bump-regex-version-bed815ea-c985-11ea-8b1d-a6fcddaab576
  origin/bump-regex-version-bf55f69b-bd61-11ea-8838-8aa908cf7cdd
  origin/bump-regex-version-c0c217ef-bd29-11ea-b104-4a81abbfb342
  origin/bump-regex-version-c16df883-94bf-40eb-b23f-9fd047ef3862
  origin/bump-regex-version-c17a07e4-dbc1-11ea-b48c-fad7f1d2afd0
  origin/bump-regex-version-c38b5986-bd34-11ea-99a2-aa1bd0ade981
  origin/bump-regex-version-c4ae8388-01d3-4e2b-ab72-6ff7792b6bec
  origin/bump-regex-version-c51e7cef-80aa-11ea-9098-fa757d7e8cbc
  origin/bump-regex-version-c6b7496b-d7c3-11ea-be4a-0e6aece1e92a
  origin/bump-regex-version-c7d87373-f647-4892-91f4-402ef6ca2bca
  origin/bump-regex-version-c7f1adb9-c8d5-11ea-b419-6a3412962952
  origin/bump-regex-version-c8456da1-ae5a-11ea-b478-deed089ed654
  origin/bump-regex-version-cb2bde21-b5f8-11ea-a946-76d42037e07e
  origin/bump-regex-version-d13f95c5-de2e-11ea-855c-5a7364ba54c9
  origin/bump-regex-version-d3398454-dc70-11ea-8a85-ae8cfb3f2834
  origin/bump-regex-version-d5dcd736-c5f1-11ea-bac9-7200593e619b
  origin/bump-regex-version-d739e70d-c824-11ea-ae3d-5ee8319018a1
  origin/bump-regex-version-d81bcb9c-82d0-11ea-9426-acde48001122
  origin/bump-regex-version-dbf4d5f3-bd1c-11ea-b457-e696d7e39ecf
  origin/bump-regex-version-dc0e5d26-d816-4dfa-902b-ccabe2d32689
  origin/bump-regex-version-ddbce03b-b13e-11ea-bb83-12f98e32facd
  origin/bump-regex-version-e044e12e-af21-11ea-86ee-76ef0bf4aa85
  origin/bump-regex-version-e059de52-5e8c-4a9d-b74d-db1fbe2f6a50
  origin/bump-regex-version-e09c50f0-8948-11ea-925b-c6fca20d4c25
  origin/bump-regex-version-e1f38850-8952-11ea-9819-624e29e39932
  origin/bump-regex-version-e27bef21-c66e-11ea-81d4-52ddd7ad63dc
  origin/bump-regex-version-e2f04346-41b6-4b28-bf6d-65c87610233f
  origin/bump-regex-version-e6c30469-80d9-11ea-ae68-e694dff02246
  origin/bump-regex-version-e728608e-93c1-11ea-8e3e-8a7a3cff71af
  origin/bump-regex-version-e88f8717-895d-11ea-b2b3-9e6470f3ddd7
  origin/bump-regex-version-e8bfcf0b-e04b-11ea-ab3d-7e5c5f3fd61d
  origin/bump-regex-version-ead2945d-895d-11ea-8e3e-42d578cb0622
  origin/bump-regex-version-ec282e4e-8ea1-11ea-9ec3-c6c48ae46f66
  origin/bump-regex-version-ecb6009f-42b8-446c-9d2e-360cc82e1926
  origin/bump-regex-version-ee806158-e190-11ea-b04f-1aa67b065ad1
  origin/bump-regex-version-eea9ce5d-c513-11ea-ba09-6af44b149d4e
  origin/bump-regex-version-f19afde0-d262-11ea-9b4b-9a0c57d8f600
  origin/bump-regex-version-f5f5d139-8ee7-11ea-ad70-b6a757bb94b6
  origin/bump-regex-version-f8f8c366-261f-4924-a17b-1277ef7cab1f
  origin/bump-regex-version-f9c87abd-bd51-11ea-b579-129e65d477d5
  origin/bump-regex-version-fc335590-db1e-11ea-adf7-d24a7c31b794
  origin/bump-regex-version-fe6a8b97-b48d-11ea-a363-da97c1214487
  origin/bump-versionstream-version-00a63458-a91d-11ea-8949-521e8dad5541
  origin/bump-versionstream-version-06a77ee5-8cd3-11ea-877e-da03d9075945
  origin/bump-versionstream-version-082f061f-8c70-11ea-bdd8-d6929b121712
  origin/bump-versionstream-version-0c0cfb7c-8c71-11ea-8f2d-b6206569e1c3
  origin/bump-versionstream-version-0d3ab319-a403-11ea-81fd-9a2675bd3945
  origin/bump-versionstream-version-1429f652-a8b7-11ea-8ea8-821e33e5b3f1
  origin/bump-versionstream-version-1430ef51-a404-11ea-bb3b-56c9ea2e8468
  origin/bump-versionstream-version-178c5ada-a5f7-11ea-a9ec-c607a0f61697
  origin/bump-versionstream-version-1a629f41-a400-11ea-9919-a2f1091b805c
  origin/bump-versionstream-version-1af5bed9-8c6d-11ea-aa58-2a512b305966
  origin/bump-versionstream-version-1eab034e-9515-11ea-a68c-b6d4ab1571a9
  origin/bump-versionstream-version-24b1c13e-a8b9-11ea-a807-92a3e7c04067
  origin/bump-versionstream-version-2d525e12-95db-11ea-8b99-26c71c877561
  origin/bump-versionstream-version-2f0db1b1-a402-11ea-b4d1-1a10dc09edb8
  origin/bump-versionstream-version-306197d0-a209-11ea-b2d1-8ec720b522dd
  origin/bump-versionstream-version-320ca274-8a76-11ea-bf57-c22d3b831ccd
  origin/bump-versionstream-version-324fe9ef-aaae-11ea-abeb-4290503e7313
  origin/bump-versionstream-version-348ac82a-a39c-11ea-852d-aa275c2695f3
  origin/bump-versionstream-version-34d663ef-8c6f-11ea-b07d-5a4b2174d0f3
  origin/bump-versionstream-version-36ecc1f8-a853-11ea-8346-f67c4757f902
  origin/bump-versionstream-version-3897a4f6-a6c0-11ea-a173-6a77058a6600
  origin/bump-versionstream-version-3a62b5a8-9124-11ea-8cff-b22cbeb43c5a
  origin/bump-versionstream-version-3f12ae81-8f2d-11ea-8bcb-ea2496c26334
  origin/bump-versionstream-version-41a1ed8f-a4c9-11ea-a803-8ab4703058ec
  origin/bump-versionstream-version-421a2335-93e4-11ea-b959-7a4be235abad
  origin/bump-versionstream-version-4dab4c84-a012-11ea-b20a-3e61f8708d20
  origin/bump-versionstream-version-4fce3f94-a91f-11ea-883a-a652a7913387
  origin/bump-versionstream-version-53c63736-9441-11ea-8a93-86c0b1159d50
  origin/bump-versionstream-version-54553e96-a91c-11ea-8fbf-3efc672af67f
  origin/bump-versionstream-version-54bbb884-8cd2-11ea-9af4-faf240781311
  origin/bump-versionstream-version-59efb662-91ed-11ea-b8f2-3690144df367
  origin/bump-versionstream-version-5abe648a-94ad-11ea-8a7d-b6eb440faae8
  origin/bump-versionstream-version-67bb433a-8ff6-11ea-9578-0ad7765e3822
  origin/bump-versionstream-version-6c9ee027-a39e-11ea-8333-86a99e1d2d64
  origin/bump-versionstream-version-6d034a60-a2d2-11ea-9257-4af3e298742a
  origin/bump-versionstream-version-6e5c4325-8b3f-11ea-bdc2-8e2968fdb53d
  origin/bump-versionstream-version-6e94f123-a8b8-11ea-9ba1-b6da18c27e36
  origin/bump-versionstream-version-6fbfbf4a-a855-11ea-84b3-d64816a7fdc4
  origin/bump-versionstream-version-75c11a69-8c6e-11ea-b389-9e770a67e9a9
  origin/bump-versionstream-version-767fb663-a91e-11ea-a771-9af16f10579d
  origin/bump-versionstream-version-79d1c05d-a856-11ea-844a-16556d21bbed
  origin/bump-versionstream-version-79fbf82f-aa49-11ea-8ccf-4646aecce3aa
  origin/bump-versionstream-version-7a888215-8ba4-11ea-9989-5a611165bc93
  origin/bump-versionstream-version-7a8fc28c-a39f-11ea-8a08-260d6481fa5c
  origin/bump-versionstream-version-7b84fb49-a401-11ea-8f8e-82a64ee18e3e
  origin/bump-versionstream-version-7c1f3b43-8dff-11ea-9c9c-46dfbb7a1f83
  origin/bump-versionstream-version-7ca6fa3e-93a6-11ea-a764-1e4aa03ebafc
  origin/bump-versionstream-version-7dd23e82-a980-11ea-8dc5-b2410e7aa07c
  origin/bump-versionstream-version-84619220-9c25-11ea-9d9d-964aaca9b72d
  origin/bump-versionstream-version-8a9049c3-9576-11ea-907c-fa44ffffe30f
  origin/bump-versionstream-version-8b473a2d-a39b-11ea-a4cf-8235943e2aee
  origin/bump-versionstream-version-8cca0bc4-9449-11ea-8233-b2c993b15505
  origin/bump-versionstream-version-8cd5b64d-8c08-11ea-97fe-cac9c16d0496
  origin/bump-versionstream-version-8d3a86d1-a852-11ea-a84f-c24b5d40278f
  origin/bump-versionstream-version-94cdae33-90bf-11ea-bd65-1ab074323d43
  origin/bump-versionstream-version-97102060-a39d-11ea-99f1-f613c6874f92
  origin/bump-versionstream-version-98a530e5-a854-11ea-83cc-7ebdd116a359
  origin/bump-versionstream-version-993da673-8cd4-11ea-bba6-beb23aaabc28
  origin/bump-versionstream-version-9e324ff8-8cd5-11ea-8eb9-52ba0b644a69
  origin/bump-versionstream-version-a928c452-a91b-11ea-ae59-16c45c1ba014
  origin/bump-versionstream-version-a92b5bb2-937f-11ea-8772-527538cb9b0a
  origin/bump-versionstream-version-ac856c2e-a1a4-11ea-80a8-c6ae7402c5d4
  origin/bump-versionstream-version-ae80e569-8cd1-11ea-93f1-0a94a01503ce
  origin/bump-versionstream-version-b1086b3e-a464-11ea-9f7e-9a8ed3536d6a
  origin/bump-versionstream-version-b125b013-9fad-11ea-8021-22495d87cfbb
  origin/bump-versionstream-version-b1fe8af4-8ec8-11ea-8fdb-6e4b70a95f11
  origin/bump-versionstream-version-b56c6a72-a91d-11ea-a123-86bc826f9683
  origin/bump-versionstream-version-b78793a7-963f-11ea-aa93-c2f1164965b5
  origin/bump-versionstream-version-b7ea1ea2-9188-11ea-98a1-424efc3fd658
  origin/bump-versionstream-version-befab464-a8b7-11ea-b8a4-ee07d8ebf22a
  origin/bump-versionstream-version-c291e001-a65b-11ea-acdb-76724f280059
  origin/bump-versionstream-version-c416f737-8cd3-11ea-8996-d24f4200adb4
  origin/bump-versionstream-version-c44fc4f6-8c6d-11ea-b4f9-8a7ced0f086e
  origin/bump-versionstream-version-c7046c66-a26d-11ea-bf2e-2e137735ff09
  origin/bump-versionstream-version-c90d8fc4-a400-11ea-90c7-62271253815c
  origin/bump-versionstream-version-d1236135-8f91-11ea-9bc1-1a59d2d6ecd7
  origin/bump-versionstream-version-d64291c5-a724-11ea-8323-aa819a1e0b2e
  origin/bump-versionstream-version-e0a8548a-8d9a-11ea-b423-ca562de7e6b9
  origin/bump-versionstream-version-e32dd029-a39c-11ea-8614-76c16a654bdb
  origin/bump-versionstream-version-e5e1f1be-a853-11ea-be2e-da4e22d49d38
  origin/bump-versionstream-version-e61dd5d9-a076-11ea-a0ca-4ec77c4b12ee
  origin/bump-versionstream-version-e819bca9-8a36-11ea-96fb-eae6fa8159fa
  origin/bump-versionstream-version-e97a6506-a9e4-11ea-b900-76effbb7ddc7
  origin/bump-versionstream-version-f0fa405a-a336-11ea-aca1-1eea803cfef6
  origin/bump-versionstream-version-f2a1466f-a7ed-11ea-9f46-c694c5774312
  origin/bump-versionstream-version-f54f8680-99c8-11ea-8510-b6f264f3e3c3
  origin/bump-versionstream-version-f8f88950-905a-11ea-ab05-2acefd959638
  origin/bump-versionstream-version-fdb21d1a-a8b9-11ea-96cb-cead200ea7d6
  origin/changes
  origin/gh-pages
  origin/******************-upgrade-**l-0.0.30
  origin/master
  origin/pr-**-l0.0.17
  origin/upgrade-**l-0.0.24
  origin/upgrade-**l-0.0.26
  origin/upgrade-**l-0.0.27
  origin/upgrade-**l-0.0.29
  origin/upgrade-**l-0.0.30
  origin/upgrade-**l-0.0.36
  origin/upgrade-**l-0.0.37-40
about to run: git checkout FETCH_HEAD in dir /tmp/132206438/jenkins-x-versions
Note: checking out 'FETCH_HEAD'.

You are in 'detached HEAD' state. You can look around, make experimental
changes and commit them, and you can discard any commits you make in this
state without impacting any branches by performing another checkout.

If you want to create a new branch to retain commits you create, you may
do so (now or later) by using -b with the checkout command again. Example:

  git checkout -b <new-branch-name>

HEAD is now at c3a16cb0 chore(deps): bump https://github.com/jenkins-x/**-gitops from 0.0.186 to 0.0.190
about to run: git fetch --tags in dir /tmp/132206438/jenkins-x-versions
about to run: git describe c3a16cb046ca4ba7f73012275809a43d443b8511 --abbrev=0 --contains in dir /tmp/132206438/jenkins-x-versions
fatal: cannot describe 'c3a16cb046ca4ba7f73012275809a43d443b8511'
Updating PipelineActivities cb-kubecd-bdd-gh-1597841986-pr-1-1 which has status Running
WARNING: preview application http://bdd-gh-1597841986-**-cb-kubecd-bdd-gh-1597841986-pr-1.34.77.127.207.nip.io not available, error was 503 503 Service Temporarily Unavailable, delaying for: 818.058174ms
WARNING: preview application http://bdd-gh-1597841986-**-cb-kubecd-bdd-gh-1597841986-pr-1.34.77.127.207.nip.io not available, error was 503 503 Service Temporarily Unavailable, delaying for: 1.189652786s
Preview application is now available at: http://bdd-gh-1597841986-**-cb-kubecd-bdd-gh-1597841986-pr-1.34.77.127.207.nip.io
